2026-03-09 18:52:02,267 - INFO - === 🔄 STARTING FULL SYNC && AI UPDATE ===
2026-03-09 18:52:02,278 - INFO - STARTING: D:\Stackstorage\antigravity\nieuwsfeed\execution\advanced_crawler.py
2026-03-09 19:03:44,960 - INFO - FINISHED: D:\Stackstorage\antigravity\nieuwsfeed\execution\advanced_crawler.py
2026-03-09 19:03:44,960 - INFO - STARTING: D:\Stackstorage\antigravity\nieuwsfeed\execution\ai_processor.py
2026-03-09 19:03:48,166 - INFO - FINISHED: D:\Stackstorage\antigravity\nieuwsfeed\execution\ai_processor.py
2026-03-09 19:03:48,166 - INFO - 📤 Exporting database to data.json...
2026-03-09 19:03:49,080 - INFO - ✅ Exported 390 articles to D:\Stackstorage\antigravity\nieuwsfeed\frontend-design\data.json
2026-03-09 19:03:49,080 - INFO - === ✨ FULL SYNC COMPLETED SUCCESSFULLY ===
2026-03-09 19:16:01,417 - INFO - === 🔄 STARTING FULL SYNC && AI UPDATE ===
2026-03-09 19:16:01,462 - INFO - STARTING: D:\Stackstorage\antigravity\nieuwsfeed\execution\advanced_crawler.py
2026-03-09 19:16:01,661 - ERROR - FAILED: D:\Stackstorage\antigravity\nieuwsfeed\execution\advanced_crawler.py
2026-03-09 19:16:01,662 - ERROR - Traceback (most recent call last):
  File "D:\Stackstorage\antigravity\nieuwsfeed\execution\advanced_crawler.py", line 1, in <module>
    import requests
ModuleNotFoundError: No module named 'requests'

2026-03-09 19:16:01,662 - WARNING - Crawler had errors, but proceeding to AI processing...
2026-03-09 19:16:01,662 - INFO - STARTING: D:\Stackstorage\antigravity\nieuwsfeed\execution\ai_processor.py
2026-03-09 19:16:01,854 - ERROR - FAILED: D:\Stackstorage\antigravity\nieuwsfeed\execution\ai_processor.py
2026-03-09 19:16:01,854 - ERROR - Traceback (most recent call last):
  File "D:\Stackstorage\antigravity\nieuwsfeed\execution\ai_processor.py", line 6, in <module>
    from dotenv import load_dotenv
ModuleNotFoundError: No module named 'dotenv'

2026-03-09 19:16:01,854 - ERROR - AI Processor failed. Skipping export.
2026-03-09 19:18:18,511 - INFO - === 🔄 STARTING FULL SYNC && AI UPDATE ===
2026-03-09 19:18:18,556 - INFO - STARTING: D:\Stackstorage\antigravity\nieuwsfeed\execution\advanced_crawler.py
2026-03-09 19:18:18,738 - ERROR - FAILED: D:\Stackstorage\antigravity\nieuwsfeed\execution\advanced_crawler.py
2026-03-09 19:18:18,738 - ERROR - Traceback (most recent call last):
  File "D:\Stackstorage\antigravity\nieuwsfeed\execution\advanced_crawler.py", line 1, in <module>
    import requests
ModuleNotFoundError: No module named 'requests'

2026-03-09 19:18:18,738 - WARNING - Crawler had errors, but proceeding to AI processing...
2026-03-09 19:18:18,739 - INFO - STARTING: D:\Stackstorage\antigravity\nieuwsfeed\execution\ai_processor.py
2026-03-09 19:18:18,927 - ERROR - FAILED: D:\Stackstorage\antigravity\nieuwsfeed\execution\ai_processor.py
2026-03-09 19:18:18,927 - ERROR - Traceback (most recent call last):
  File "D:\Stackstorage\antigravity\nieuwsfeed\execution\ai_processor.py", line 6, in <module>
    from dotenv import load_dotenv
ModuleNotFoundError: No module named 'dotenv'

2026-03-09 19:18:18,927 - ERROR - AI Processor failed. Skipping export.
2026-03-09 19:18:20,376 - INFO - === 🔄 STARTING FULL SYNC && AI UPDATE ===
2026-03-09 19:18:20,386 - INFO - STARTING: D:\Stackstorage\antigravity\nieuwsfeed\execution\advanced_crawler.py
2026-03-09 19:18:20,558 - ERROR - FAILED: D:\Stackstorage\antigravity\nieuwsfeed\execution\advanced_crawler.py
2026-03-09 19:18:20,559 - ERROR - Traceback (most recent call last):
  File "D:\Stackstorage\antigravity\nieuwsfeed\execution\advanced_crawler.py", line 1, in <module>
    import requests
ModuleNotFoundError: No module named 'requests'

2026-03-09 19:18:20,559 - WARNING - Crawler had errors, but proceeding to AI processing...
2026-03-09 19:18:20,559 - INFO - STARTING: D:\Stackstorage\antigravity\nieuwsfeed\execution\ai_processor.py
2026-03-09 19:18:20,742 - ERROR - FAILED: D:\Stackstorage\antigravity\nieuwsfeed\execution\ai_processor.py
2026-03-09 19:18:20,742 - ERROR - Traceback (most recent call last):
  File "D:\Stackstorage\antigravity\nieuwsfeed\execution\ai_processor.py", line 6, in <module>
    from dotenv import load_dotenv
ModuleNotFoundError: No module named 'dotenv'

2026-03-09 19:18:20,742 - ERROR - AI Processor failed. Skipping export.
2026-03-09 19:19:40,464 - INFO - === 🔄 STARTING FULL SYNC && AI UPDATE ===
2026-03-09 19:19:40,510 - INFO - STARTING: D:\Stackstorage\antigravity\nieuwsfeed\execution\advanced_crawler.py
2026-03-09 19:19:40,740 - ERROR - FAILED: D:\Stackstorage\antigravity\nieuwsfeed\execution\advanced_crawler.py
2026-03-09 19:19:40,740 - ERROR - Traceback (most recent call last):
  File "D:\Stackstorage\antigravity\nieuwsfeed\execution\advanced_crawler.py", line 1, in <module>
    import requests
ModuleNotFoundError: No module named 'requests'

2026-03-09 19:19:40,741 - WARNING - Crawler had errors, but proceeding to AI processing...
2026-03-09 19:19:40,741 - INFO - STARTING: D:\Stackstorage\antigravity\nieuwsfeed\execution\ai_processor.py
2026-03-09 19:19:40,929 - ERROR - FAILED: D:\Stackstorage\antigravity\nieuwsfeed\execution\ai_processor.py
2026-03-09 19:19:40,929 - ERROR - Traceback (most recent call last):
  File "D:\Stackstorage\antigravity\nieuwsfeed\execution\ai_processor.py", line 6, in <module>
    from dotenv import load_dotenv
ModuleNotFoundError: No module named 'dotenv'

2026-03-09 19:19:40,929 - ERROR - AI Processor failed. Skipping export.
2026-03-09 19:23:07,685 - INFO - === 🔄 STARTING FULL SYNC && AI UPDATE ===
2026-03-09 19:23:07,691 - INFO - STARTING: D:\Stackstorage\antigravity\nieuwsfeed\execution\advanced_crawler.py
2026-03-09 20:16:52,893 - INFO - === 🔄 STARTING FULL SYNC && AI UPDATE ===
2026-03-09 20:16:53,963 - INFO - STARTING: D:\Stackstorage\antigravity\nieuwsfeed\execution\advanced_crawler.py
2026-03-09 20:28:17,266 - INFO - FINISHED: D:\Stackstorage\antigravity\nieuwsfeed\execution\advanced_crawler.py
2026-03-09 20:28:17,267 - INFO - STARTING: D:\Stackstorage\antigravity\nieuwsfeed\execution\ai_processor.py
2026-03-09 20:28:20,305 - INFO - FINISHED: D:\Stackstorage\antigravity\nieuwsfeed\execution\ai_processor.py
2026-03-09 20:28:20,305 - INFO - 📤 Exporting database to data.json...
2026-03-09 20:28:20,401 - INFO - ✅ Exported 390 articles to D:\Stackstorage\antigravity\nieuwsfeed\frontend-design\data.json
2026-03-09 20:28:20,404 - INFO - === ✨ FULL SYNC COMPLETED SUCCESSFULLY ===
2026-03-09 20:34:09,678 - INFO - === 🔄 STARTING FULL SYNC && AI UPDATE ===
2026-03-09 20:34:09,678 - INFO - STARTING: /home/runner/work/ziekenhuis-nieuwsfeed/ziekenhuis-nieuwsfeed/execution/advanced_crawler.py
2026-03-09 20:44:52,518 - INFO - FINISHED: /home/runner/work/ziekenhuis-nieuwsfeed/ziekenhuis-nieuwsfeed/execution/advanced_crawler.py
2026-03-09 20:44:52,518 - INFO - STARTING: /home/runner/work/ziekenhuis-nieuwsfeed/ziekenhuis-nieuwsfeed/execution/ai_processor.py
2026-03-09 20:44:53,656 - INFO - FINISHED: /home/runner/work/ziekenhuis-nieuwsfeed/ziekenhuis-nieuwsfeed/execution/ai_processor.py
2026-03-09 20:44:53,657 - INFO - 📤 Exporting database to data.json...
2026-03-09 20:44:53,657 - ERROR - Failed to export: no such table: articles
2026-03-09 20:44:53,657 - INFO - === ✨ FULL SYNC COMPLETED SUCCESSFULLY ===
2026-03-10 07:34:46,664 - INFO - === 🔄 STARTING FULL SYNC && AI UPDATE ===
2026-03-10 07:34:46,664 - INFO - STARTING: /home/runner/work/ziekenhuis-nieuwsfeed/ziekenhuis-nieuwsfeed/execution/advanced_crawler.py
2026-03-10 07:45:26,002 - INFO - FINISHED: /home/runner/work/ziekenhuis-nieuwsfeed/ziekenhuis-nieuwsfeed/execution/advanced_crawler.py
2026-03-10 07:45:26,002 - INFO - STARTING: /home/runner/work/ziekenhuis-nieuwsfeed/ziekenhuis-nieuwsfeed/execution/ai_processor.py
2026-03-10 07:45:27,093 - INFO - FINISHED: /home/runner/work/ziekenhuis-nieuwsfeed/ziekenhuis-nieuwsfeed/execution/ai_processor.py
2026-03-10 07:45:27,093 - INFO - 📤 Exporting database to data.json...
2026-03-10 07:45:27,093 - ERROR - Failed to export: no such table: articles
2026-03-10 07:45:27,094 - INFO - === ✨ FULL SYNC COMPLETED SUCCESSFULLY ===
2026-03-10 08:16:36,151 - INFO - === 🔄 STARTING FULL SYNC && AI UPDATE ===
2026-03-10 08:16:36,151 - INFO - STARTING: /home/runner/work/ziekenhuis-nieuwsfeed/ziekenhuis-nieuwsfeed/execution/advanced_crawler.py
2026-03-10 08:31:54,724 - INFO - FINISHED: /home/runner/work/ziekenhuis-nieuwsfeed/ziekenhuis-nieuwsfeed/execution/advanced_crawler.py
2026-03-10 08:31:54,724 - INFO - STARTING: /home/runner/work/ziekenhuis-nieuwsfeed/ziekenhuis-nieuwsfeed/execution/ai_processor.py
2026-03-10 08:31:55,791 - INFO - FINISHED: /home/runner/work/ziekenhuis-nieuwsfeed/ziekenhuis-nieuwsfeed/execution/ai_processor.py
2026-03-10 08:31:55,791 - INFO - 📤 Exporting database to data.json...
2026-03-10 08:31:55,792 - ERROR - Failed to export: no such table: articles
2026-03-10 08:31:55,792 - INFO - === ✨ FULL SYNC COMPLETED SUCCESSFULLY ===
2026-03-10 09:06:00,317 - INFO - === 🔄 STARTING FULL SYNC && AI UPDATE ===
2026-03-10 09:06:00,317 - INFO - STARTING: /home/runner/work/ziekenhuis-nieuwsfeed/ziekenhuis-nieuwsfeed/execution/advanced_crawler.py
2026-03-10 09:06:17,436 - ERROR - FAILED: /home/runner/work/ziekenhuis-nieuwsfeed/ziekenhuis-nieuwsfeed/execution/advanced_crawler.py (Exit code: 1)
2026-03-10 09:06:17,436 - WARNING - Crawler had errors, but proceeding to AI processing...
2026-03-10 09:06:17,436 - INFO - STARTING: /home/runner/work/ziekenhuis-nieuwsfeed/ziekenhuis-nieuwsfeed/execution/ai_processor.py
2026-03-10 09:06:18,584 - INFO - FINISHED: /home/runner/work/ziekenhuis-nieuwsfeed/ziekenhuis-nieuwsfeed/execution/ai_processor.py
2026-03-10 09:06:18,584 - INFO - 📤 Exporting database to data.json...
2026-03-10 09:06:18,584 - ERROR - Failed to export: no such table: articles
2026-03-10 09:06:18,584 - INFO - === ✨ FULL SYNC COMPLETED SUCCESSFULLY ===
2026-03-10 09:33:39,479 - INFO - === 🔄 STARTING FULL SYNC && AI UPDATE ===
2026-03-10 09:33:39,479 - INFO - STARTING: /home/runner/work/ziekenhuis-nieuwsfeed/ziekenhuis-nieuwsfeed/execution/advanced_crawler.py
2026-03-10 09:49:59,908 - INFO - FINISHED: /home/runner/work/ziekenhuis-nieuwsfeed/ziekenhuis-nieuwsfeed/execution/advanced_crawler.py
2026-03-10 09:49:59,908 - INFO - STARTING: /home/runner/work/ziekenhuis-nieuwsfeed/ziekenhuis-nieuwsfeed/execution/ai_processor.py
2026-03-10 09:50:00,988 - INFO - FINISHED: /home/runner/work/ziekenhuis-nieuwsfeed/ziekenhuis-nieuwsfeed/execution/ai_processor.py
2026-03-10 09:50:00,988 - INFO - 📤 Exporting database to data.json...
2026-03-10 09:50:00,988 - ERROR - Failed to export: no such table: articles
2026-03-10 09:50:00,988 - INFO - === ✨ FULL SYNC COMPLETED SUCCESSFULLY ===
2026-03-11 07:37:16,048 - INFO - === 🔄 STARTING FULL SYNC && AI UPDATE ===
2026-03-11 07:37:16,048 - INFO - STARTING: /home/runner/work/ziekenhuis-nieuwsfeed/ziekenhuis-nieuwsfeed/execution/advanced_crawler.py
2026-03-11 07:52:05,931 - INFO - FINISHED: /home/runner/work/ziekenhuis-nieuwsfeed/ziekenhuis-nieuwsfeed/execution/advanced_crawler.py
2026-03-11 07:52:05,932 - INFO - STARTING: /home/runner/work/ziekenhuis-nieuwsfeed/ziekenhuis-nieuwsfeed/execution/ai_processor.py
2026-03-11 07:52:07,100 - INFO - FINISHED: /home/runner/work/ziekenhuis-nieuwsfeed/ziekenhuis-nieuwsfeed/execution/ai_processor.py
2026-03-11 07:52:07,100 - INFO - 📤 Exporting database to data.json...
2026-03-11 07:52:07,100 - ERROR - Failed to export: no such table: articles
2026-03-11 07:52:07,100 - INFO - === ✨ FULL SYNC COMPLETED SUCCESSFULLY ===
2026-03-12 07:39:59,437 - INFO - === 🔄 STARTING FULL SYNC && AI UPDATE ===
2026-03-12 07:39:59,437 - INFO - STARTING: /home/runner/work/ziekenhuis-nieuwsfeed/ziekenhuis-nieuwsfeed/execution/advanced_crawler.py
2026-03-12 07:55:36,728 - INFO - FINISHED: /home/runner/work/ziekenhuis-nieuwsfeed/ziekenhuis-nieuwsfeed/execution/advanced_crawler.py
2026-03-12 07:55:36,728 - INFO - STARTING: /home/runner/work/ziekenhuis-nieuwsfeed/ziekenhuis-nieuwsfeed/execution/ai_processor.py
2026-03-12 07:55:37,819 - INFO - FINISHED: /home/runner/work/ziekenhuis-nieuwsfeed/ziekenhuis-nieuwsfeed/execution/ai_processor.py
2026-03-12 07:55:37,819 - INFO - 📤 Exporting database to data.json...
2026-03-12 07:55:37,820 - ERROR - Failed to export: no such table: articles
2026-03-12 07:55:37,820 - INFO - === ✨ FULL SYNC COMPLETED SUCCESSFULLY ===
2026-03-13 07:38:37,216 - INFO - === 🔄 STARTING FULL SYNC && AI UPDATE ===
2026-03-13 07:38:37,216 - INFO - STARTING: /home/runner/work/ziekenhuis-nieuwsfeed/ziekenhuis-nieuwsfeed/execution/advanced_crawler.py
2026-03-13 07:53:39,273 - INFO - FINISHED: /home/runner/work/ziekenhuis-nieuwsfeed/ziekenhuis-nieuwsfeed/execution/advanced_crawler.py
2026-03-13 07:53:39,274 - INFO - STARTING: /home/runner/work/ziekenhuis-nieuwsfeed/ziekenhuis-nieuwsfeed/execution/ai_processor.py
2026-03-13 07:53:40,314 - INFO - FINISHED: /home/runner/work/ziekenhuis-nieuwsfeed/ziekenhuis-nieuwsfeed/execution/ai_processor.py
2026-03-13 07:53:40,314 - INFO - 📤 Exporting database to data.json...
2026-03-13 07:53:40,314 - ERROR - Failed to export: no such table: articles
2026-03-13 07:53:40,315 - INFO - === ✨ FULL SYNC COMPLETED SUCCESSFULLY ===
2026-03-14 07:29:02,441 - INFO - === 🔄 STARTING FULL SYNC && AI UPDATE ===
2026-03-14 07:29:02,441 - INFO - STARTING: /home/runner/work/ziekenhuis-nieuwsfeed/ziekenhuis-nieuwsfeed/execution/advanced_crawler.py
2026-03-14 07:44:30,791 - INFO - FINISHED: /home/runner/work/ziekenhuis-nieuwsfeed/ziekenhuis-nieuwsfeed/execution/advanced_crawler.py
2026-03-14 07:44:30,792 - INFO - STARTING: /home/runner/work/ziekenhuis-nieuwsfeed/ziekenhuis-nieuwsfeed/execution/ai_processor.py
2026-03-14 07:44:31,818 - INFO - FINISHED: /home/runner/work/ziekenhuis-nieuwsfeed/ziekenhuis-nieuwsfeed/execution/ai_processor.py
2026-03-14 07:44:31,819 - INFO - 📤 Exporting database to data.json...
2026-03-14 07:44:31,819 - ERROR - Failed to export: no such table: articles
2026-03-14 07:44:31,819 - INFO - === ✨ FULL SYNC COMPLETED SUCCESSFULLY ===
2026-03-15 07:38:29,993 - INFO - === 🔄 STARTING FULL SYNC && AI UPDATE ===
2026-03-15 07:38:29,993 - INFO - STARTING: /home/runner/work/ziekenhuis-nieuwsfeed/ziekenhuis-nieuwsfeed/execution/advanced_crawler.py
2026-03-15 07:53:29,141 - INFO - FINISHED: /home/runner/work/ziekenhuis-nieuwsfeed/ziekenhuis-nieuwsfeed/execution/advanced_crawler.py
2026-03-15 07:53:29,141 - INFO - STARTING: /home/runner/work/ziekenhuis-nieuwsfeed/ziekenhuis-nieuwsfeed/execution/ai_processor.py
2026-03-15 07:53:30,243 - INFO - FINISHED: /home/runner/work/ziekenhuis-nieuwsfeed/ziekenhuis-nieuwsfeed/execution/ai_processor.py
2026-03-15 07:53:30,243 - INFO - 📤 Exporting database to data.json...
2026-03-15 07:53:30,244 - ERROR - Failed to export: no such table: articles
2026-03-15 07:53:30,244 - INFO - === ✨ FULL SYNC COMPLETED SUCCESSFULLY ===
2026-03-16 08:02:13,951 - INFO - === 🔄 STARTING FULL SYNC && AI UPDATE ===
2026-03-16 08:02:13,951 - INFO - STARTING: /home/runner/work/ziekenhuis-nieuwsfeed/ziekenhuis-nieuwsfeed/execution/advanced_crawler.py
2026-03-16 08:19:03,016 - INFO - FINISHED: /home/runner/work/ziekenhuis-nieuwsfeed/ziekenhuis-nieuwsfeed/execution/advanced_crawler.py
2026-03-16 08:19:03,016 - INFO - STARTING: /home/runner/work/ziekenhuis-nieuwsfeed/ziekenhuis-nieuwsfeed/execution/ai_processor.py
2026-03-16 08:19:04,180 - INFO - FINISHED: /home/runner/work/ziekenhuis-nieuwsfeed/ziekenhuis-nieuwsfeed/execution/ai_processor.py
2026-03-16 08:19:04,180 - INFO - 📤 Exporting database to data.json...
2026-03-16 08:19:04,181 - ERROR - Failed to export: no such table: articles
2026-03-16 08:19:04,181 - INFO - === ✨ FULL SYNC COMPLETED SUCCESSFULLY ===
2026-03-17 07:47:49,427 - INFO - === 🔄 STARTING FULL SYNC && AI UPDATE ===
2026-03-17 07:47:49,428 - INFO - STARTING: /home/runner/work/ziekenhuis-nieuwsfeed/ziekenhuis-nieuwsfeed/execution/advanced_crawler.py
2026-03-17 08:04:07,345 - INFO - FINISHED: /home/runner/work/ziekenhuis-nieuwsfeed/ziekenhuis-nieuwsfeed/execution/advanced_crawler.py
2026-03-17 08:04:07,345 - INFO - STARTING: /home/runner/work/ziekenhuis-nieuwsfeed/ziekenhuis-nieuwsfeed/execution/ai_processor.py
2026-03-17 08:04:08,335 - INFO - FINISHED: /home/runner/work/ziekenhuis-nieuwsfeed/ziekenhuis-nieuwsfeed/execution/ai_processor.py
2026-03-17 08:04:08,335 - INFO - 📤 Exporting database to data.json...
2026-03-17 08:04:08,335 - ERROR - Failed to export: no such table: articles
2026-03-17 08:04:08,335 - INFO - === ✨ FULL SYNC COMPLETED SUCCESSFULLY ===
2026-03-18 07:45:40,716 - INFO - === 🔄 STARTING FULL SYNC && AI UPDATE ===
2026-03-18 07:45:40,717 - INFO - STARTING: /home/runner/work/ziekenhuis-nieuwsfeed/ziekenhuis-nieuwsfeed/execution/advanced_crawler.py
2026-03-18 08:00:41,855 - INFO - FINISHED: /home/runner/work/ziekenhuis-nieuwsfeed/ziekenhuis-nieuwsfeed/execution/advanced_crawler.py
2026-03-18 08:00:41,855 - INFO - STARTING: /home/runner/work/ziekenhuis-nieuwsfeed/ziekenhuis-nieuwsfeed/execution/ai_processor.py
2026-03-18 08:00:42,945 - INFO - FINISHED: /home/runner/work/ziekenhuis-nieuwsfeed/ziekenhuis-nieuwsfeed/execution/ai_processor.py
2026-03-18 08:00:42,945 - INFO - 📤 Exporting database to data.json...
2026-03-18 08:00:42,946 - ERROR - Failed to export: no such table: articles
2026-03-18 08:00:42,946 - INFO - === ✨ FULL SYNC COMPLETED SUCCESSFULLY ===
2026-03-19 07:40:28,533 - INFO - === 🔄 STARTING FULL SYNC && AI UPDATE ===
2026-03-19 07:40:28,533 - INFO - STARTING: /home/runner/work/ziekenhuis-nieuwsfeed/ziekenhuis-nieuwsfeed/execution/advanced_crawler.py
2026-03-19 07:54:38,005 - INFO - FINISHED: /home/runner/work/ziekenhuis-nieuwsfeed/ziekenhuis-nieuwsfeed/execution/advanced_crawler.py
2026-03-19 07:54:38,005 - INFO - STARTING: /home/runner/work/ziekenhuis-nieuwsfeed/ziekenhuis-nieuwsfeed/execution/ai_processor.py
2026-03-19 07:54:39,087 - INFO - FINISHED: /home/runner/work/ziekenhuis-nieuwsfeed/ziekenhuis-nieuwsfeed/execution/ai_processor.py
2026-03-19 07:54:39,087 - INFO - 📤 Exporting database to data.json...
2026-03-19 07:54:39,087 - ERROR - Failed to export: no such table: articles
2026-03-19 07:54:39,087 - INFO - === ✨ FULL SYNC COMPLETED SUCCESSFULLY ===
2026-03-20 07:39:28,571 - INFO - === 🔄 STARTING FULL SYNC && AI UPDATE ===
2026-03-20 07:39:28,571 - INFO - STARTING: /home/runner/work/ziekenhuis-nieuwsfeed/ziekenhuis-nieuwsfeed/execution/advanced_crawler.py
2026-03-20 07:54:51,972 - INFO - FINISHED: /home/runner/work/ziekenhuis-nieuwsfeed/ziekenhuis-nieuwsfeed/execution/advanced_crawler.py
2026-03-20 07:54:51,972 - INFO - STARTING: /home/runner/work/ziekenhuis-nieuwsfeed/ziekenhuis-nieuwsfeed/execution/ai_processor.py
2026-03-20 07:54:53,072 - INFO - FINISHED: /home/runner/work/ziekenhuis-nieuwsfeed/ziekenhuis-nieuwsfeed/execution/ai_processor.py
2026-03-20 07:54:53,072 - INFO - 📤 Exporting database to data.json...
2026-03-20 07:54:53,073 - ERROR - Failed to export: no such table: articles
2026-03-20 07:54:53,073 - INFO - === ✨ FULL SYNC COMPLETED SUCCESSFULLY ===
2026-03-21 07:26:34,002 - INFO - === 🔄 STARTING FULL SYNC && AI UPDATE ===
2026-03-21 07:26:34,002 - INFO - STARTING: /home/runner/work/ziekenhuis-nieuwsfeed/ziekenhuis-nieuwsfeed/execution/advanced_crawler.py
2026-03-21 07:40:37,838 - INFO - FINISHED: /home/runner/work/ziekenhuis-nieuwsfeed/ziekenhuis-nieuwsfeed/execution/advanced_crawler.py
2026-03-21 07:40:37,838 - INFO - STARTING: /home/runner/work/ziekenhuis-nieuwsfeed/ziekenhuis-nieuwsfeed/execution/ai_processor.py
2026-03-21 07:40:38,900 - INFO - FINISHED: /home/runner/work/ziekenhuis-nieuwsfeed/ziekenhuis-nieuwsfeed/execution/ai_processor.py
2026-03-21 07:40:38,900 - INFO - 📤 Exporting database to data.json...
2026-03-21 07:40:38,901 - ERROR - Failed to export: no such table: articles
2026-03-21 07:40:38,901 - INFO - === ✨ FULL SYNC COMPLETED SUCCESSFULLY ===
2026-03-22 07:32:46,579 - INFO - === 🔄 STARTING FULL SYNC && AI UPDATE ===
2026-03-22 07:32:46,579 - INFO - STARTING: /home/runner/work/ziekenhuis-nieuwsfeed/ziekenhuis-nieuwsfeed/execution/advanced_crawler.py
2026-03-22 07:47:27,724 - INFO - FINISHED: /home/runner/work/ziekenhuis-nieuwsfeed/ziekenhuis-nieuwsfeed/execution/advanced_crawler.py
2026-03-22 07:47:27,724 - INFO - STARTING: /home/runner/work/ziekenhuis-nieuwsfeed/ziekenhuis-nieuwsfeed/execution/ai_processor.py
2026-03-22 07:47:28,839 - INFO - FINISHED: /home/runner/work/ziekenhuis-nieuwsfeed/ziekenhuis-nieuwsfeed/execution/ai_processor.py
2026-03-22 07:47:28,839 - INFO - 📤 Exporting database to data.json...
2026-03-22 07:47:28,839 - ERROR - Failed to export: no such table: articles
2026-03-22 07:47:28,839 - INFO - === ✨ FULL SYNC COMPLETED SUCCESSFULLY ===
2026-03-23 07:55:49,684 - INFO - === 🔄 STARTING FULL SYNC && AI UPDATE ===
2026-03-23 07:55:49,684 - INFO - STARTING: /home/runner/work/ziekenhuis-nieuwsfeed/ziekenhuis-nieuwsfeed/execution/advanced_crawler.py
2026-03-23 08:09:12,756 - INFO - FINISHED: /home/runner/work/ziekenhuis-nieuwsfeed/ziekenhuis-nieuwsfeed/execution/advanced_crawler.py
2026-03-23 08:09:12,756 - INFO - STARTING: /home/runner/work/ziekenhuis-nieuwsfeed/ziekenhuis-nieuwsfeed/execution/ai_processor.py
2026-03-23 08:09:13,822 - INFO - FINISHED: /home/runner/work/ziekenhuis-nieuwsfeed/ziekenhuis-nieuwsfeed/execution/ai_processor.py
2026-03-23 08:09:13,822 - INFO - 📤 Exporting database to data.json...
2026-03-23 08:09:13,823 - ERROR - Failed to export: no such table: articles
2026-03-23 08:09:13,823 - INFO - === ✨ FULL SYNC COMPLETED SUCCESSFULLY ===
2026-03-24 07:47:10,871 - INFO - === 🔄 STARTING FULL SYNC && AI UPDATE ===
2026-03-24 07:47:10,871 - INFO - STARTING: /home/runner/work/ziekenhuis-nieuwsfeed/ziekenhuis-nieuwsfeed/execution/advanced_crawler.py
2026-03-24 08:02:43,858 - INFO - FINISHED: /home/runner/work/ziekenhuis-nieuwsfeed/ziekenhuis-nieuwsfeed/execution/advanced_crawler.py
2026-03-24 08:02:43,858 - INFO - STARTING: /home/runner/work/ziekenhuis-nieuwsfeed/ziekenhuis-nieuwsfeed/execution/ai_processor.py
2026-03-24 08:02:44,933 - INFO - FINISHED: /home/runner/work/ziekenhuis-nieuwsfeed/ziekenhuis-nieuwsfeed/execution/ai_processor.py
2026-03-24 08:02:44,934 - INFO - 📤 Exporting database to data.json...
2026-03-24 08:02:44,934 - ERROR - Failed to export: no such table: articles
2026-03-24 08:02:44,934 - INFO - === ✨ FULL SYNC COMPLETED SUCCESSFULLY ===
2026-03-25 07:45:54,769 - INFO - === 🔄 STARTING FULL SYNC && AI UPDATE ===
2026-03-25 07:45:54,769 - INFO - STARTING: /home/runner/work/ziekenhuis-nieuwsfeed/ziekenhuis-nieuwsfeed/execution/advanced_crawler.py
2026-03-25 08:01:34,711 - INFO - FINISHED: /home/runner/work/ziekenhuis-nieuwsfeed/ziekenhuis-nieuwsfeed/execution/advanced_crawler.py
2026-03-25 08:01:34,711 - INFO - STARTING: /home/runner/work/ziekenhuis-nieuwsfeed/ziekenhuis-nieuwsfeed/execution/ai_processor.py
2026-03-25 08:01:35,939 - INFO - FINISHED: /home/runner/work/ziekenhuis-nieuwsfeed/ziekenhuis-nieuwsfeed/execution/ai_processor.py
2026-03-25 08:01:35,939 - INFO - 📤 Exporting database to data.json...
2026-03-25 08:01:35,940 - ERROR - Failed to export: no such table: articles
2026-03-25 08:01:35,940 - INFO - === ✨ FULL SYNC COMPLETED SUCCESSFULLY ===
2026-03-26 07:54:56,297 - INFO - === 🔄 STARTING FULL SYNC && AI UPDATE ===
2026-03-26 07:54:56,297 - INFO - STARTING: /home/runner/work/ziekenhuis-nieuwsfeed/ziekenhuis-nieuwsfeed/execution/advanced_crawler.py
2026-03-26 08:09:06,211 - INFO - FINISHED: /home/runner/work/ziekenhuis-nieuwsfeed/ziekenhuis-nieuwsfeed/execution/advanced_crawler.py
2026-03-26 08:09:06,212 - INFO - STARTING: /home/runner/work/ziekenhuis-nieuwsfeed/ziekenhuis-nieuwsfeed/execution/ai_processor.py
2026-03-26 08:09:07,294 - INFO - FINISHED: /home/runner/work/ziekenhuis-nieuwsfeed/ziekenhuis-nieuwsfeed/execution/ai_processor.py
2026-03-26 08:09:07,294 - INFO - 📤 Exporting database to data.json...
2026-03-26 08:09:07,295 - ERROR - Failed to export: no such table: articles
2026-03-26 08:09:07,295 - INFO - === ✨ FULL SYNC COMPLETED SUCCESSFULLY ===
2026-03-27 07:53:33,853 - INFO - === 🔄 STARTING FULL SYNC && AI UPDATE ===
2026-03-27 07:53:33,853 - INFO - STARTING: /home/runner/work/ziekenhuis-nieuwsfeed/ziekenhuis-nieuwsfeed/execution/advanced_crawler.py
2026-03-27 08:09:43,762 - INFO - FINISHED: /home/runner/work/ziekenhuis-nieuwsfeed/ziekenhuis-nieuwsfeed/execution/advanced_crawler.py
2026-03-27 08:09:43,762 - INFO - STARTING: /home/runner/work/ziekenhuis-nieuwsfeed/ziekenhuis-nieuwsfeed/execution/ai_processor.py
2026-03-27 08:09:44,882 - INFO - FINISHED: /home/runner/work/ziekenhuis-nieuwsfeed/ziekenhuis-nieuwsfeed/execution/ai_processor.py
2026-03-27 08:09:44,882 - INFO - 📤 Exporting database to data.json...
2026-03-27 08:09:44,883 - ERROR - Failed to export: no such table: articles
2026-03-27 08:09:44,883 - INFO - === ✨ FULL SYNC COMPLETED SUCCESSFULLY ===
2026-03-28 07:38:15,191 - INFO - === 🔄 STARTING FULL SYNC && AI UPDATE ===
2026-03-28 07:38:15,191 - INFO - STARTING: /home/runner/work/ziekenhuis-nieuwsfeed/ziekenhuis-nieuwsfeed/execution/advanced_crawler.py
2026-03-28 07:53:22,455 - INFO - FINISHED: /home/runner/work/ziekenhuis-nieuwsfeed/ziekenhuis-nieuwsfeed/execution/advanced_crawler.py
2026-03-28 07:53:22,456 - INFO - STARTING: /home/runner/work/ziekenhuis-nieuwsfeed/ziekenhuis-nieuwsfeed/execution/ai_processor.py
2026-03-28 07:53:23,513 - INFO - FINISHED: /home/runner/work/ziekenhuis-nieuwsfeed/ziekenhuis-nieuwsfeed/execution/ai_processor.py
2026-03-28 07:53:23,513 - INFO - 📤 Exporting database to data.json...
2026-03-28 07:53:23,514 - ERROR - Failed to export: no such table: articles
2026-03-28 07:53:23,514 - INFO - === ✨ FULL SYNC COMPLETED SUCCESSFULLY ===
2026-03-29 07:45:11,232 - INFO - === 🔄 STARTING FULL SYNC && AI UPDATE ===
2026-03-29 07:45:11,232 - INFO - STARTING: /home/runner/work/ziekenhuis-nieuwsfeed/ziekenhuis-nieuwsfeed/execution/advanced_crawler.py
2026-03-29 07:59:28,503 - INFO - FINISHED: /home/runner/work/ziekenhuis-nieuwsfeed/ziekenhuis-nieuwsfeed/execution/advanced_crawler.py
2026-03-29 07:59:28,503 - INFO - STARTING: /home/runner/work/ziekenhuis-nieuwsfeed/ziekenhuis-nieuwsfeed/execution/ai_processor.py
2026-03-29 07:59:29,651 - INFO - FINISHED: /home/runner/work/ziekenhuis-nieuwsfeed/ziekenhuis-nieuwsfeed/execution/ai_processor.py
2026-03-29 07:59:29,651 - INFO - 📤 Exporting database to data.json...
2026-03-29 07:59:29,651 - ERROR - Failed to export: no such table: articles
2026-03-29 07:59:29,651 - INFO - === ✨ FULL SYNC COMPLETED SUCCESSFULLY ===
2026-03-30 08:16:26,936 - INFO - === 🔄 STARTING FULL SYNC && AI UPDATE ===
2026-03-30 08:16:26,936 - INFO - STARTING: /home/runner/work/ziekenhuis-nieuwsfeed/ziekenhuis-nieuwsfeed/execution/advanced_crawler.py
2026-03-30 08:31:29,996 - INFO - FINISHED: /home/runner/work/ziekenhuis-nieuwsfeed/ziekenhuis-nieuwsfeed/execution/advanced_crawler.py
2026-03-30 08:31:29,996 - INFO - STARTING: /home/runner/work/ziekenhuis-nieuwsfeed/ziekenhuis-nieuwsfeed/execution/ai_processor.py
2026-03-30 08:31:31,057 - INFO - FINISHED: /home/runner/work/ziekenhuis-nieuwsfeed/ziekenhuis-nieuwsfeed/execution/ai_processor.py
2026-03-30 08:31:31,057 - INFO - 📤 Exporting database to data.json...
2026-03-30 08:31:31,058 - ERROR - Failed to export: no such table: articles
2026-03-30 08:31:31,058 - INFO - === ✨ FULL SYNC COMPLETED SUCCESSFULLY ===
2026-03-31 08:01:27,333 - INFO - === 🔄 STARTING FULL SYNC && AI UPDATE ===
2026-03-31 08:01:27,334 - INFO - STARTING: /home/runner/work/ziekenhuis-nieuwsfeed/ziekenhuis-nieuwsfeed/execution/advanced_crawler.py
2026-03-31 08:16:51,475 - INFO - FINISHED: /home/runner/work/ziekenhuis-nieuwsfeed/ziekenhuis-nieuwsfeed/execution/advanced_crawler.py
2026-03-31 08:16:51,476 - INFO - STARTING: /home/runner/work/ziekenhuis-nieuwsfeed/ziekenhuis-nieuwsfeed/execution/ai_processor.py
2026-03-31 08:16:52,702 - INFO - FINISHED: /home/runner/work/ziekenhuis-nieuwsfeed/ziekenhuis-nieuwsfeed/execution/ai_processor.py
2026-03-31 08:16:52,703 - INFO - 📤 Exporting database to data.json...
2026-03-31 08:16:52,703 - ERROR - Failed to export: no such table: articles
2026-03-31 08:16:52,703 - INFO - === ✨ FULL SYNC COMPLETED SUCCESSFULLY ===
2026-04-01 08:09:09,308 - INFO - === 🔄 STARTING FULL SYNC && AI UPDATE ===
2026-04-01 08:09:09,308 - INFO - STARTING: /home/runner/work/ziekenhuis-nieuwsfeed/ziekenhuis-nieuwsfeed/execution/advanced_crawler.py
2026-04-01 08:25:28,468 - INFO - FINISHED: /home/runner/work/ziekenhuis-nieuwsfeed/ziekenhuis-nieuwsfeed/execution/advanced_crawler.py
2026-04-01 08:25:28,468 - INFO - STARTING: /home/runner/work/ziekenhuis-nieuwsfeed/ziekenhuis-nieuwsfeed/execution/ai_processor.py
2026-04-01 08:25:29,529 - INFO - FINISHED: /home/runner/work/ziekenhuis-nieuwsfeed/ziekenhuis-nieuwsfeed/execution/ai_processor.py
2026-04-01 08:25:29,529 - INFO - 📤 Exporting database to data.json...
2026-04-01 08:25:29,529 - ERROR - Failed to export: no such table: articles
2026-04-01 08:25:29,529 - INFO - === ✨ FULL SYNC COMPLETED SUCCESSFULLY ===
2026-04-02 07:58:53,546 - INFO - === 🔄 STARTING FULL SYNC && AI UPDATE ===
2026-04-02 07:58:53,546 - INFO - STARTING: /home/runner/work/ziekenhuis-nieuwsfeed/ziekenhuis-nieuwsfeed/execution/advanced_crawler.py
2026-04-02 08:13:51,621 - INFO - FINISHED: /home/runner/work/ziekenhuis-nieuwsfeed/ziekenhuis-nieuwsfeed/execution/advanced_crawler.py
2026-04-02 08:13:51,621 - INFO - STARTING: /home/runner/work/ziekenhuis-nieuwsfeed/ziekenhuis-nieuwsfeed/execution/ai_processor.py
2026-04-02 08:13:52,693 - INFO - FINISHED: /home/runner/work/ziekenhuis-nieuwsfeed/ziekenhuis-nieuwsfeed/execution/ai_processor.py
2026-04-02 08:13:52,693 - INFO - 📤 Exporting database to data.json...
2026-04-02 08:13:52,693 - ERROR - Failed to export: no such table: articles
2026-04-02 08:13:52,693 - INFO - === ✨ FULL SYNC COMPLETED SUCCESSFULLY ===
2026-04-03 07:56:17,711 - INFO - === 🔄 STARTING FULL SYNC && AI UPDATE ===
2026-04-03 07:56:17,711 - INFO - STARTING: /home/runner/work/ziekenhuis-nieuwsfeed/ziekenhuis-nieuwsfeed/execution/advanced_crawler.py
2026-04-03 08:11:37,979 - INFO - FINISHED: /home/runner/work/ziekenhuis-nieuwsfeed/ziekenhuis-nieuwsfeed/execution/advanced_crawler.py
2026-04-03 08:11:37,979 - INFO - STARTING: /home/runner/work/ziekenhuis-nieuwsfeed/ziekenhuis-nieuwsfeed/execution/ai_processor.py
2026-04-03 08:11:39,149 - INFO - FINISHED: /home/runner/work/ziekenhuis-nieuwsfeed/ziekenhuis-nieuwsfeed/execution/ai_processor.py
2026-04-03 08:11:39,149 - INFO - 📤 Exporting database to data.json...
2026-04-03 08:11:39,150 - ERROR - Failed to export: no such table: articles
2026-04-03 08:11:39,150 - INFO - === ✨ FULL SYNC COMPLETED SUCCESSFULLY ===
2026-04-04 07:42:17,992 - INFO - === 🔄 STARTING FULL SYNC && AI UPDATE ===
2026-04-04 07:42:17,992 - INFO - STARTING: /home/runner/work/ziekenhuis-nieuwsfeed/ziekenhuis-nieuwsfeed/execution/advanced_crawler.py
2026-04-04 07:57:18,645 - INFO - FINISHED: /home/runner/work/ziekenhuis-nieuwsfeed/ziekenhuis-nieuwsfeed/execution/advanced_crawler.py
2026-04-04 07:57:18,646 - INFO - STARTING: /home/runner/work/ziekenhuis-nieuwsfeed/ziekenhuis-nieuwsfeed/execution/ai_processor.py
2026-04-04 07:57:19,782 - INFO - FINISHED: /home/runner/work/ziekenhuis-nieuwsfeed/ziekenhuis-nieuwsfeed/execution/ai_processor.py
2026-04-04 07:57:19,782 - INFO - 📤 Exporting database to data.json...
2026-04-04 07:57:19,783 - ERROR - Failed to export: no such table: articles
2026-04-04 07:57:19,783 - INFO - === ✨ FULL SYNC COMPLETED SUCCESSFULLY ===
2026-04-05 07:49:13,656 - INFO - === 🔄 STARTING FULL SYNC && AI UPDATE ===
2026-04-05 07:49:13,656 - INFO - STARTING: /home/runner/work/ziekenhuis-nieuwsfeed/ziekenhuis-nieuwsfeed/execution/advanced_crawler.py
2026-04-05 08:03:58,680 - INFO - FINISHED: /home/runner/work/ziekenhuis-nieuwsfeed/ziekenhuis-nieuwsfeed/execution/advanced_crawler.py
2026-04-05 08:03:58,681 - INFO - STARTING: /home/runner/work/ziekenhuis-nieuwsfeed/ziekenhuis-nieuwsfeed/execution/ai_processor.py
2026-04-05 08:03:59,750 - INFO - FINISHED: /home/runner/work/ziekenhuis-nieuwsfeed/ziekenhuis-nieuwsfeed/execution/ai_processor.py
2026-04-05 08:03:59,750 - INFO - 📤 Exporting database to data.json...
2026-04-05 08:03:59,751 - ERROR - Failed to export: no such table: articles
2026-04-05 08:03:59,751 - INFO - === ✨ FULL SYNC COMPLETED SUCCESSFULLY ===
2026-04-06 08:17:46,652 - INFO - === 🔄 STARTING FULL SYNC && AI UPDATE ===
2026-04-06 08:17:46,653 - INFO - STARTING: /home/runner/work/ziekenhuis-nieuwsfeed/ziekenhuis-nieuwsfeed/execution/advanced_crawler.py
2026-04-06 08:32:26,830 - INFO - FINISHED: /home/runner/work/ziekenhuis-nieuwsfeed/ziekenhuis-nieuwsfeed/execution/advanced_crawler.py
2026-04-06 08:32:26,830 - INFO - STARTING: /home/runner/work/ziekenhuis-nieuwsfeed/ziekenhuis-nieuwsfeed/execution/ai_processor.py
2026-04-06 08:32:28,000 - INFO - FINISHED: /home/runner/work/ziekenhuis-nieuwsfeed/ziekenhuis-nieuwsfeed/execution/ai_processor.py
2026-04-06 08:32:28,000 - INFO - 📤 Exporting database to data.json...
2026-04-06 08:32:28,001 - ERROR - Failed to export: no such table: articles
2026-04-06 08:32:28,001 - INFO - === ✨ FULL SYNC COMPLETED SUCCESSFULLY ===
2026-04-07 08:05:39,899 - INFO - === 🔄 STARTING FULL SYNC && AI UPDATE ===
2026-04-07 08:05:39,900 - INFO - STARTING: /home/runner/work/ziekenhuis-nieuwsfeed/ziekenhuis-nieuwsfeed/execution/advanced_crawler.py
2026-04-07 08:21:11,095 - INFO - FINISHED: /home/runner/work/ziekenhuis-nieuwsfeed/ziekenhuis-nieuwsfeed/execution/advanced_crawler.py
2026-04-07 08:21:11,096 - INFO - STARTING: /home/runner/work/ziekenhuis-nieuwsfeed/ziekenhuis-nieuwsfeed/execution/ai_processor.py
2026-04-07 08:21:12,210 - INFO - FINISHED: /home/runner/work/ziekenhuis-nieuwsfeed/ziekenhuis-nieuwsfeed/execution/ai_processor.py
2026-04-07 08:21:12,210 - INFO - 📤 Exporting database to data.json...
2026-04-07 08:21:12,211 - ERROR - Failed to export: no such table: articles
2026-04-07 08:21:12,211 - INFO - === ✨ FULL SYNC COMPLETED SUCCESSFULLY ===
2026-04-08 08:06:24,165 - INFO - === 🔄 STARTING FULL SYNC && AI UPDATE ===
2026-04-08 08:06:24,165 - INFO - STARTING: /home/runner/work/ziekenhuis-nieuwsfeed/ziekenhuis-nieuwsfeed/execution/advanced_crawler.py
2026-04-08 08:22:17,367 - INFO - FINISHED: /home/runner/work/ziekenhuis-nieuwsfeed/ziekenhuis-nieuwsfeed/execution/advanced_crawler.py
2026-04-08 08:22:17,367 - INFO - STARTING: /home/runner/work/ziekenhuis-nieuwsfeed/ziekenhuis-nieuwsfeed/execution/ai_processor.py
2026-04-08 08:22:18,451 - INFO - FINISHED: /home/runner/work/ziekenhuis-nieuwsfeed/ziekenhuis-nieuwsfeed/execution/ai_processor.py
2026-04-08 08:22:18,451 - INFO - 📤 Exporting database to data.json...
2026-04-08 08:22:18,452 - ERROR - Failed to export: no such table: articles
2026-04-08 08:22:18,452 - INFO - === ✨ FULL SYNC COMPLETED SUCCESSFULLY ===
2026-04-09 08:11:28,691 - INFO - === 🔄 STARTING FULL SYNC && AI UPDATE ===
2026-04-09 08:11:28,691 - INFO - STARTING: /home/runner/work/ziekenhuis-nieuwsfeed/ziekenhuis-nieuwsfeed/execution/advanced_crawler.py
2026-04-09 08:27:33,038 - INFO - FINISHED: /home/runner/work/ziekenhuis-nieuwsfeed/ziekenhuis-nieuwsfeed/execution/advanced_crawler.py
2026-04-09 08:27:33,038 - INFO - STARTING: /home/runner/work/ziekenhuis-nieuwsfeed/ziekenhuis-nieuwsfeed/execution/ai_processor.py
2026-04-09 08:27:34,095 - INFO - FINISHED: /home/runner/work/ziekenhuis-nieuwsfeed/ziekenhuis-nieuwsfeed/execution/ai_processor.py
2026-04-09 08:27:34,095 - INFO - 📤 Exporting database to data.json...
2026-04-09 08:27:34,095 - ERROR - Failed to export: no such table: articles
2026-04-09 08:27:34,095 - INFO - === ✨ FULL SYNC COMPLETED SUCCESSFULLY ===
2026-04-10 08:16:03,141 - INFO - === 🔄 STARTING FULL SYNC && AI UPDATE ===
2026-04-10 08:16:03,141 - INFO - STARTING: /home/runner/work/ziekenhuis-nieuwsfeed/ziekenhuis-nieuwsfeed/execution/advanced_crawler.py
2026-04-10 08:32:53,094 - INFO - FINISHED: /home/runner/work/ziekenhuis-nieuwsfeed/ziekenhuis-nieuwsfeed/execution/advanced_crawler.py
2026-04-10 08:32:53,094 - INFO - STARTING: /home/runner/work/ziekenhuis-nieuwsfeed/ziekenhuis-nieuwsfeed/execution/ai_processor.py
2026-04-10 08:32:54,330 - INFO - FINISHED: /home/runner/work/ziekenhuis-nieuwsfeed/ziekenhuis-nieuwsfeed/execution/ai_processor.py
2026-04-10 08:32:54,330 - INFO - 📤 Exporting database to data.json...
2026-04-10 08:32:54,330 - ERROR - Failed to export: no such table: articles
2026-04-10 08:32:54,330 - INFO - === ✨ FULL SYNC COMPLETED SUCCESSFULLY ===
2026-04-11 07:42:57,803 - INFO - === 🔄 STARTING FULL SYNC && AI UPDATE ===
2026-04-11 07:42:57,803 - INFO - STARTING: /home/runner/work/ziekenhuis-nieuwsfeed/ziekenhuis-nieuwsfeed/execution/advanced_crawler.py
2026-04-11 07:58:51,904 - INFO - FINISHED: /home/runner/work/ziekenhuis-nieuwsfeed/ziekenhuis-nieuwsfeed/execution/advanced_crawler.py
2026-04-11 07:58:51,904 - INFO - STARTING: /home/runner/work/ziekenhuis-nieuwsfeed/ziekenhuis-nieuwsfeed/execution/ai_processor.py
2026-04-11 07:58:53,021 - INFO - FINISHED: /home/runner/work/ziekenhuis-nieuwsfeed/ziekenhuis-nieuwsfeed/execution/ai_processor.py
2026-04-11 07:58:53,021 - INFO - 📤 Exporting database to data.json...
2026-04-11 07:58:53,021 - ERROR - Failed to export: no such table: articles
2026-04-11 07:58:53,021 - INFO - === ✨ FULL SYNC COMPLETED SUCCESSFULLY ===
2026-04-12 07:57:51,828 - INFO - === 🔄 STARTING FULL SYNC && AI UPDATE ===
2026-04-12 07:57:51,829 - INFO - STARTING: /home/runner/work/ziekenhuis-nieuwsfeed/ziekenhuis-nieuwsfeed/execution/advanced_crawler.py
2026-04-12 08:13:36,112 - INFO - FINISHED: /home/runner/work/ziekenhuis-nieuwsfeed/ziekenhuis-nieuwsfeed/execution/advanced_crawler.py
2026-04-12 08:13:36,113 - INFO - STARTING: /home/runner/work/ziekenhuis-nieuwsfeed/ziekenhuis-nieuwsfeed/execution/ai_processor.py
2026-04-12 08:13:37,189 - INFO - FINISHED: /home/runner/work/ziekenhuis-nieuwsfeed/ziekenhuis-nieuwsfeed/execution/ai_processor.py
2026-04-12 08:13:37,190 - INFO - 📤 Exporting database to data.json...
2026-04-12 08:13:37,190 - ERROR - Failed to export: no such table: articles
2026-04-12 08:13:37,190 - INFO - === ✨ FULL SYNC COMPLETED SUCCESSFULLY ===
2026-04-13 08:58:28,790 - INFO - === 🔄 STARTING FULL SYNC && AI UPDATE ===
2026-04-13 08:58:28,790 - INFO - STARTING: /home/runner/work/ziekenhuis-nieuwsfeed/ziekenhuis-nieuwsfeed/execution/advanced_crawler.py
2026-04-13 09:12:28,081 - INFO - FINISHED: /home/runner/work/ziekenhuis-nieuwsfeed/ziekenhuis-nieuwsfeed/execution/advanced_crawler.py
2026-04-13 09:12:28,082 - INFO - STARTING: /home/runner/work/ziekenhuis-nieuwsfeed/ziekenhuis-nieuwsfeed/execution/ai_processor.py
2026-04-13 09:12:29,243 - INFO - FINISHED: /home/runner/work/ziekenhuis-nieuwsfeed/ziekenhuis-nieuwsfeed/execution/ai_processor.py
2026-04-13 09:12:29,243 - INFO - 📤 Exporting database to data.json...
2026-04-13 09:12:29,244 - ERROR - Failed to export: no such table: articles
2026-04-13 09:12:29,244 - INFO - === ✨ FULL SYNC COMPLETED SUCCESSFULLY ===
2026-04-14 08:20:53,570 - INFO - === 🔄 STARTING FULL SYNC && AI UPDATE ===
2026-04-14 08:20:53,570 - INFO - STARTING: /home/runner/work/ziekenhuis-nieuwsfeed/ziekenhuis-nieuwsfeed/execution/advanced_crawler.py
2026-04-14 08:36:19,907 - INFO - FINISHED: /home/runner/work/ziekenhuis-nieuwsfeed/ziekenhuis-nieuwsfeed/execution/advanced_crawler.py
2026-04-14 08:36:19,908 - INFO - STARTING: /home/runner/work/ziekenhuis-nieuwsfeed/ziekenhuis-nieuwsfeed/execution/ai_processor.py
2026-04-14 08:36:21,112 - INFO - FINISHED: /home/runner/work/ziekenhuis-nieuwsfeed/ziekenhuis-nieuwsfeed/execution/ai_processor.py
2026-04-14 08:36:21,112 - INFO - 📤 Exporting database to data.json...
2026-04-14 08:36:21,113 - ERROR - Failed to export: no such table: articles
2026-04-14 08:36:21,113 - INFO - === ✨ FULL SYNC COMPLETED SUCCESSFULLY ===
2026-04-15 08:21:58,383 - INFO - === 🔄 STARTING FULL SYNC && AI UPDATE ===
2026-04-15 08:21:58,383 - INFO - STARTING: /home/runner/work/ziekenhuis-nieuwsfeed/ziekenhuis-nieuwsfeed/execution/advanced_crawler.py
2026-04-15 08:36:17,073 - INFO - FINISHED: /home/runner/work/ziekenhuis-nieuwsfeed/ziekenhuis-nieuwsfeed/execution/advanced_crawler.py
2026-04-15 08:36:17,073 - INFO - STARTING: /home/runner/work/ziekenhuis-nieuwsfeed/ziekenhuis-nieuwsfeed/execution/ai_processor.py
2026-04-15 08:36:18,152 - INFO - FINISHED: /home/runner/work/ziekenhuis-nieuwsfeed/ziekenhuis-nieuwsfeed/execution/ai_processor.py
2026-04-15 08:36:18,152 - INFO - 📤 Exporting database to data.json...
2026-04-15 08:36:18,153 - ERROR - Failed to export: no such table: articles
2026-04-15 08:36:18,153 - INFO - === ✨ FULL SYNC COMPLETED SUCCESSFULLY ===
2026-04-16 08:21:56,944 - INFO - === 🔄 STARTING FULL SYNC && AI UPDATE ===
2026-04-16 08:21:56,945 - INFO - STARTING: /home/runner/work/ziekenhuis-nieuwsfeed/ziekenhuis-nieuwsfeed/execution/advanced_crawler.py
2026-04-16 08:37:26,895 - INFO - FINISHED: /home/runner/work/ziekenhuis-nieuwsfeed/ziekenhuis-nieuwsfeed/execution/advanced_crawler.py
2026-04-16 08:37:26,895 - INFO - STARTING: /home/runner/work/ziekenhuis-nieuwsfeed/ziekenhuis-nieuwsfeed/execution/ai_processor.py
2026-04-16 08:37:27,885 - INFO - FINISHED: /home/runner/work/ziekenhuis-nieuwsfeed/ziekenhuis-nieuwsfeed/execution/ai_processor.py
2026-04-16 08:37:27,885 - INFO - 📤 Exporting database to data.json...
2026-04-16 08:37:27,885 - ERROR - Failed to export: no such table: articles
2026-04-16 08:37:27,886 - INFO - === ✨ FULL SYNC COMPLETED SUCCESSFULLY ===
2026-04-17 08:21:06,760 - INFO - === 🔄 STARTING FULL SYNC && AI UPDATE ===
2026-04-17 08:21:06,760 - INFO - STARTING: /home/runner/work/ziekenhuis-nieuwsfeed/ziekenhuis-nieuwsfeed/execution/advanced_crawler.py
2026-04-17 08:36:58,318 - INFO - FINISHED: /home/runner/work/ziekenhuis-nieuwsfeed/ziekenhuis-nieuwsfeed/execution/advanced_crawler.py
2026-04-17 08:36:58,318 - INFO - STARTING: /home/runner/work/ziekenhuis-nieuwsfeed/ziekenhuis-nieuwsfeed/execution/ai_processor.py
2026-04-17 08:36:59,403 - INFO - FINISHED: /home/runner/work/ziekenhuis-nieuwsfeed/ziekenhuis-nieuwsfeed/execution/ai_processor.py
2026-04-17 08:36:59,404 - INFO - 📤 Exporting database to data.json...
2026-04-17 08:36:59,404 - ERROR - Failed to export: no such table: articles
2026-04-17 08:36:59,404 - INFO - === ✨ FULL SYNC COMPLETED SUCCESSFULLY ===
2026-04-18 07:53:32,741 - INFO - === 🔄 STARTING FULL SYNC && AI UPDATE ===
2026-04-18 07:53:32,741 - INFO - STARTING: /home/runner/work/ziekenhuis-nieuwsfeed/ziekenhuis-nieuwsfeed/execution/advanced_crawler.py
2026-04-18 08:08:47,247 - INFO - FINISHED: /home/runner/work/ziekenhuis-nieuwsfeed/ziekenhuis-nieuwsfeed/execution/advanced_crawler.py
2026-04-18 08:08:47,247 - INFO - STARTING: /home/runner/work/ziekenhuis-nieuwsfeed/ziekenhuis-nieuwsfeed/execution/ai_processor.py
2026-04-18 08:08:48,083 - INFO - FINISHED: /home/runner/work/ziekenhuis-nieuwsfeed/ziekenhuis-nieuwsfeed/execution/ai_processor.py
2026-04-18 08:08:48,084 - INFO - 📤 Exporting database to data.json...
2026-04-18 08:08:48,084 - ERROR - Failed to export: no such table: articles
2026-04-18 08:08:48,084 - INFO - === ✨ FULL SYNC COMPLETED SUCCESSFULLY ===
2026-04-19 08:00:41,916 - INFO - === 🔄 STARTING FULL SYNC && AI UPDATE ===
2026-04-19 08:00:41,916 - INFO - STARTING: /home/runner/work/ziekenhuis-nieuwsfeed/ziekenhuis-nieuwsfeed/execution/advanced_crawler.py
2026-04-19 08:14:47,342 - INFO - FINISHED: /home/runner/work/ziekenhuis-nieuwsfeed/ziekenhuis-nieuwsfeed/execution/advanced_crawler.py
2026-04-19 08:14:47,342 - INFO - STARTING: /home/runner/work/ziekenhuis-nieuwsfeed/ziekenhuis-nieuwsfeed/execution/ai_processor.py
2026-04-19 08:14:48,427 - INFO - FINISHED: /home/runner/work/ziekenhuis-nieuwsfeed/ziekenhuis-nieuwsfeed/execution/ai_processor.py
2026-04-19 08:14:48,427 - INFO - 📤 Exporting database to data.json...
2026-04-19 08:14:48,428 - ERROR - Failed to export: no such table: articles
2026-04-19 08:14:48,428 - INFO - === ✨ FULL SYNC COMPLETED SUCCESSFULLY ===
2026-04-20 09:04:06,507 - INFO - === 🔄 STARTING FULL SYNC && AI UPDATE ===
2026-04-20 09:04:06,507 - INFO - STARTING: /home/runner/work/ziekenhuis-nieuwsfeed/ziekenhuis-nieuwsfeed/execution/advanced_crawler.py
2026-04-20 09:20:21,543 - INFO - FINISHED: /home/runner/work/ziekenhuis-nieuwsfeed/ziekenhuis-nieuwsfeed/execution/advanced_crawler.py
2026-04-20 09:20:21,543 - INFO - STARTING: /home/runner/work/ziekenhuis-nieuwsfeed/ziekenhuis-nieuwsfeed/execution/ai_processor.py
2026-04-20 09:20:22,536 - INFO - FINISHED: /home/runner/work/ziekenhuis-nieuwsfeed/ziekenhuis-nieuwsfeed/execution/ai_processor.py
2026-04-20 09:20:22,536 - INFO - 📤 Exporting database to data.json...
2026-04-20 09:20:22,537 - ERROR - Failed to export: no such table: articles
2026-04-20 09:20:22,537 - INFO - === ✨ FULL SYNC COMPLETED SUCCESSFULLY ===
2026-04-21 08:26:53,507 - INFO - === 🔄 STARTING FULL SYNC && AI UPDATE ===
2026-04-21 08:26:53,507 - INFO - STARTING: /home/runner/work/ziekenhuis-nieuwsfeed/ziekenhuis-nieuwsfeed/execution/advanced_crawler.py
2026-04-21 08:41:52,434 - INFO - FINISHED: /home/runner/work/ziekenhuis-nieuwsfeed/ziekenhuis-nieuwsfeed/execution/advanced_crawler.py
2026-04-21 08:41:52,434 - INFO - STARTING: /home/runner/work/ziekenhuis-nieuwsfeed/ziekenhuis-nieuwsfeed/execution/ai_processor.py
2026-04-21 08:41:53,560 - INFO - FINISHED: /home/runner/work/ziekenhuis-nieuwsfeed/ziekenhuis-nieuwsfeed/execution/ai_processor.py
2026-04-21 08:41:53,560 - INFO - 📤 Exporting database to data.json...
2026-04-21 08:41:53,560 - ERROR - Failed to export: no such table: articles
2026-04-21 08:41:53,560 - INFO - === ✨ FULL SYNC COMPLETED SUCCESSFULLY ===
2026-04-22 08:24:35,099 - INFO - === 🔄 STARTING FULL SYNC && AI UPDATE ===
2026-04-22 08:24:35,099 - INFO - STARTING: /home/runner/work/ziekenhuis-nieuwsfeed/ziekenhuis-nieuwsfeed/execution/advanced_crawler.py
2026-04-22 08:39:59,958 - INFO - FINISHED: /home/runner/work/ziekenhuis-nieuwsfeed/ziekenhuis-nieuwsfeed/execution/advanced_crawler.py
2026-04-22 08:39:59,958 - INFO - STARTING: /home/runner/work/ziekenhuis-nieuwsfeed/ziekenhuis-nieuwsfeed/execution/ai_processor.py
2026-04-22 08:40:00,944 - INFO - FINISHED: /home/runner/work/ziekenhuis-nieuwsfeed/ziekenhuis-nieuwsfeed/execution/ai_processor.py
2026-04-22 08:40:00,944 - INFO - 📤 Exporting database to data.json...
2026-04-22 08:40:00,945 - ERROR - Failed to export: no such table: articles
2026-04-22 08:40:00,945 - INFO - === ✨ FULL SYNC COMPLETED SUCCESSFULLY ===
2026-04-23 08:28:25,175 - INFO - === 🔄 STARTING FULL SYNC && AI UPDATE ===
2026-04-23 08:28:25,175 - INFO - STARTING: /home/runner/work/ziekenhuis-nieuwsfeed/ziekenhuis-nieuwsfeed/execution/advanced_crawler.py
2026-04-23 08:43:39,737 - INFO - FINISHED: /home/runner/work/ziekenhuis-nieuwsfeed/ziekenhuis-nieuwsfeed/execution/advanced_crawler.py
2026-04-23 08:43:39,737 - INFO - STARTING: /home/runner/work/ziekenhuis-nieuwsfeed/ziekenhuis-nieuwsfeed/execution/ai_processor.py
2026-04-23 08:43:40,912 - INFO - FINISHED: /home/runner/work/ziekenhuis-nieuwsfeed/ziekenhuis-nieuwsfeed/execution/ai_processor.py
2026-04-23 08:43:40,912 - INFO - 📤 Exporting database to data.json...
2026-04-23 08:43:40,912 - ERROR - Failed to export: no such table: articles
2026-04-23 08:43:40,912 - INFO - === ✨ FULL SYNC COMPLETED SUCCESSFULLY ===
2026-04-24 08:55:33,190 - INFO - === 🔄 STARTING FULL SYNC && AI UPDATE ===
2026-04-24 08:55:33,190 - INFO - STARTING: /home/runner/work/ziekenhuis-nieuwsfeed/ziekenhuis-nieuwsfeed/execution/advanced_crawler.py
2026-04-24 09:10:50,471 - INFO - FINISHED: /home/runner/work/ziekenhuis-nieuwsfeed/ziekenhuis-nieuwsfeed/execution/advanced_crawler.py
2026-04-24 09:10:50,472 - INFO - STARTING: /home/runner/work/ziekenhuis-nieuwsfeed/ziekenhuis-nieuwsfeed/execution/ai_processor.py
2026-04-24 09:10:51,517 - INFO - FINISHED: /home/runner/work/ziekenhuis-nieuwsfeed/ziekenhuis-nieuwsfeed/execution/ai_processor.py
2026-04-24 09:10:51,517 - INFO - 📤 Exporting database to data.json...
2026-04-24 09:10:51,517 - ERROR - Failed to export: no such table: articles
2026-04-24 09:10:51,517 - INFO - === ✨ FULL SYNC COMPLETED SUCCESSFULLY ===
2026-04-25 07:59:47,632 - INFO - === 🔄 STARTING FULL SYNC && AI UPDATE ===
2026-04-25 07:59:47,632 - INFO - STARTING: /home/runner/work/ziekenhuis-nieuwsfeed/ziekenhuis-nieuwsfeed/execution/advanced_crawler.py
2026-04-25 08:15:23,612 - INFO - FINISHED: /home/runner/work/ziekenhuis-nieuwsfeed/ziekenhuis-nieuwsfeed/execution/advanced_crawler.py
2026-04-25 08:15:23,612 - INFO - STARTING: /home/runner/work/ziekenhuis-nieuwsfeed/ziekenhuis-nieuwsfeed/execution/ai_processor.py
2026-04-25 08:15:24,750 - INFO - FINISHED: /home/runner/work/ziekenhuis-nieuwsfeed/ziekenhuis-nieuwsfeed/execution/ai_processor.py
2026-04-25 08:15:24,751 - INFO - 📤 Exporting database to data.json...
2026-04-25 08:15:24,751 - ERROR - Failed to export: no such table: articles
2026-04-25 08:15:24,751 - INFO - === ✨ FULL SYNC COMPLETED SUCCESSFULLY ===
2026-04-26 08:11:17,721 - INFO - === 🔄 STARTING FULL SYNC && AI UPDATE ===
2026-04-26 08:11:17,721 - INFO - STARTING: /home/runner/work/ziekenhuis-nieuwsfeed/ziekenhuis-nieuwsfeed/execution/advanced_crawler.py
2026-04-26 08:26:21,799 - INFO - FINISHED: /home/runner/work/ziekenhuis-nieuwsfeed/ziekenhuis-nieuwsfeed/execution/advanced_crawler.py
2026-04-26 08:26:21,799 - INFO - STARTING: /home/runner/work/ziekenhuis-nieuwsfeed/ziekenhuis-nieuwsfeed/execution/ai_processor.py
2026-04-26 08:26:22,942 - INFO - FINISHED: /home/runner/work/ziekenhuis-nieuwsfeed/ziekenhuis-nieuwsfeed/execution/ai_processor.py
2026-04-26 08:26:22,942 - INFO - 📤 Exporting database to data.json...
2026-04-26 08:26:22,943 - ERROR - Failed to export: no such table: articles
2026-04-26 08:26:22,943 - INFO - === ✨ FULL SYNC COMPLETED SUCCESSFULLY ===
2026-04-27 09:13:04,862 - INFO - === 🔄 STARTING FULL SYNC && AI UPDATE ===
2026-04-27 09:13:04,862 - INFO - STARTING: /home/runner/work/ziekenhuis-nieuwsfeed/ziekenhuis-nieuwsfeed/execution/advanced_crawler.py
2026-04-27 09:29:11,722 - INFO - FINISHED: /home/runner/work/ziekenhuis-nieuwsfeed/ziekenhuis-nieuwsfeed/execution/advanced_crawler.py
2026-04-27 09:29:11,722 - INFO - STARTING: /home/runner/work/ziekenhuis-nieuwsfeed/ziekenhuis-nieuwsfeed/execution/ai_processor.py
2026-04-27 09:29:12,836 - INFO - FINISHED: /home/runner/work/ziekenhuis-nieuwsfeed/ziekenhuis-nieuwsfeed/execution/ai_processor.py
2026-04-27 09:29:12,836 - INFO - 📤 Exporting database to data.json...
2026-04-27 09:29:12,837 - ERROR - Failed to export: no such table: articles
2026-04-27 09:29:12,837 - INFO - === ✨ FULL SYNC COMPLETED SUCCESSFULLY ===
2026-04-28 09:14:07,979 - INFO - === 🔄 STARTING FULL SYNC && AI UPDATE ===
2026-04-28 09:14:07,979 - INFO - STARTING: /home/runner/work/ziekenhuis-nieuwsfeed/ziekenhuis-nieuwsfeed/execution/advanced_crawler.py
2026-04-28 09:31:07,782 - INFO - FINISHED: /home/runner/work/ziekenhuis-nieuwsfeed/ziekenhuis-nieuwsfeed/execution/advanced_crawler.py
2026-04-28 09:31:07,783 - INFO - STARTING: /home/runner/work/ziekenhuis-nieuwsfeed/ziekenhuis-nieuwsfeed/execution/ai_processor.py
2026-04-28 09:31:08,845 - INFO - FINISHED: /home/runner/work/ziekenhuis-nieuwsfeed/ziekenhuis-nieuwsfeed/execution/ai_processor.py
2026-04-28 09:31:08,845 - INFO - 📤 Exporting database to data.json...
2026-04-28 09:31:08,845 - ERROR - Failed to export: no such table: articles
2026-04-28 09:31:08,845 - INFO - === ✨ FULL SYNC COMPLETED SUCCESSFULLY ===
2026-04-29 09:05:40,740 - INFO - === 🔄 STARTING FULL SYNC && AI UPDATE ===
2026-04-29 09:05:40,740 - INFO - STARTING: /home/runner/work/ziekenhuis-nieuwsfeed/ziekenhuis-nieuwsfeed/execution/advanced_crawler.py
2026-04-29 09:20:36,750 - INFO - FINISHED: /home/runner/work/ziekenhuis-nieuwsfeed/ziekenhuis-nieuwsfeed/execution/advanced_crawler.py
2026-04-29 09:20:36,750 - INFO - STARTING: /home/runner/work/ziekenhuis-nieuwsfeed/ziekenhuis-nieuwsfeed/execution/ai_processor.py
2026-04-29 09:20:37,649 - INFO - FINISHED: /home/runner/work/ziekenhuis-nieuwsfeed/ziekenhuis-nieuwsfeed/execution/ai_processor.py
2026-04-29 09:20:37,649 - INFO - 📤 Exporting database to data.json...
2026-04-29 09:20:37,650 - ERROR - Failed to export: no such table: articles
2026-04-29 09:20:37,650 - INFO - === ✨ FULL SYNC COMPLETED SUCCESSFULLY ===
2026-04-30 09:07:21,942 - INFO - === 🔄 STARTING FULL SYNC && AI UPDATE ===
2026-04-30 09:07:21,942 - INFO - STARTING: /home/runner/work/ziekenhuis-nieuwsfeed/ziekenhuis-nieuwsfeed/execution/advanced_crawler.py
2026-04-30 09:22:49,765 - INFO - FINISHED: /home/runner/work/ziekenhuis-nieuwsfeed/ziekenhuis-nieuwsfeed/execution/advanced_crawler.py
2026-04-30 09:22:49,765 - INFO - STARTING: /home/runner/work/ziekenhuis-nieuwsfeed/ziekenhuis-nieuwsfeed/execution/ai_processor.py
2026-04-30 09:22:50,865 - INFO - FINISHED: /home/runner/work/ziekenhuis-nieuwsfeed/ziekenhuis-nieuwsfeed/execution/ai_processor.py
2026-04-30 09:22:50,866 - INFO - 📤 Exporting database to data.json...
2026-04-30 09:22:50,866 - ERROR - Failed to export: no such table: articles
2026-04-30 09:22:50,866 - INFO - === ✨ FULL SYNC COMPLETED SUCCESSFULLY ===
2026-05-01 08:53:48,934 - INFO - === 🔄 STARTING FULL SYNC && AI UPDATE ===
2026-05-01 08:53:48,934 - INFO - STARTING: /home/runner/work/ziekenhuis-nieuwsfeed/ziekenhuis-nieuwsfeed/execution/advanced_crawler.py
2026-05-01 09:09:56,911 - INFO - FINISHED: /home/runner/work/ziekenhuis-nieuwsfeed/ziekenhuis-nieuwsfeed/execution/advanced_crawler.py
2026-05-01 09:09:56,911 - INFO - STARTING: /home/runner/work/ziekenhuis-nieuwsfeed/ziekenhuis-nieuwsfeed/execution/ai_processor.py
2026-05-01 09:09:57,968 - INFO - FINISHED: /home/runner/work/ziekenhuis-nieuwsfeed/ziekenhuis-nieuwsfeed/execution/ai_processor.py
2026-05-01 09:09:57,968 - INFO - 📤 Exporting database to data.json...
2026-05-01 09:09:57,969 - ERROR - Failed to export: no such table: articles
2026-05-01 09:09:57,969 - INFO - === ✨ FULL SYNC COMPLETED SUCCESSFULLY ===
2026-05-02 08:17:29,460 - INFO - === 🔄 STARTING FULL SYNC && AI UPDATE ===
2026-05-02 08:17:29,460 - INFO - STARTING: /home/runner/work/ziekenhuis-nieuwsfeed/ziekenhuis-nieuwsfeed/execution/advanced_crawler.py
2026-05-02 08:33:06,870 - INFO - FINISHED: /home/runner/work/ziekenhuis-nieuwsfeed/ziekenhuis-nieuwsfeed/execution/advanced_crawler.py
2026-05-02 08:33:06,870 - INFO - STARTING: /home/runner/work/ziekenhuis-nieuwsfeed/ziekenhuis-nieuwsfeed/execution/ai_processor.py
2026-05-02 08:33:07,886 - INFO - FINISHED: /home/runner/work/ziekenhuis-nieuwsfeed/ziekenhuis-nieuwsfeed/execution/ai_processor.py
2026-05-02 08:33:07,886 - INFO - 📤 Exporting database to data.json...
2026-05-02 08:33:07,886 - ERROR - Failed to export: no such table: articles
2026-05-02 08:33:07,887 - INFO - === ✨ FULL SYNC COMPLETED SUCCESSFULLY ===
2026-05-03 08:30:01,913 - INFO - === 🔄 STARTING FULL SYNC && AI UPDATE ===
2026-05-03 08:30:01,913 - INFO - STARTING: /home/runner/work/ziekenhuis-nieuwsfeed/ziekenhuis-nieuwsfeed/execution/advanced_crawler.py
2026-05-03 08:45:00,441 - INFO - FINISHED: /home/runner/work/ziekenhuis-nieuwsfeed/ziekenhuis-nieuwsfeed/execution/advanced_crawler.py
2026-05-03 08:45:00,441 - INFO - STARTING: /home/runner/work/ziekenhuis-nieuwsfeed/ziekenhuis-nieuwsfeed/execution/ai_processor.py
2026-05-03 08:45:01,546 - INFO - FINISHED: /home/runner/work/ziekenhuis-nieuwsfeed/ziekenhuis-nieuwsfeed/execution/ai_processor.py
2026-05-03 08:45:01,546 - INFO - 📤 Exporting database to data.json...
2026-05-03 08:45:01,547 - ERROR - Failed to export: no such table: articles
2026-05-03 08:45:01,547 - INFO - === ✨ FULL SYNC COMPLETED SUCCESSFULLY ===
2026-05-04 09:11:31,692 - INFO - === 🔄 STARTING FULL SYNC && AI UPDATE ===
2026-05-04 09:11:31,693 - INFO - STARTING: /home/runner/work/ziekenhuis-nieuwsfeed/ziekenhuis-nieuwsfeed/execution/advanced_crawler.py
2026-05-04 09:27:41,796 - INFO - FINISHED: /home/runner/work/ziekenhuis-nieuwsfeed/ziekenhuis-nieuwsfeed/execution/advanced_crawler.py
2026-05-04 09:27:41,796 - INFO - STARTING: /home/runner/work/ziekenhuis-nieuwsfeed/ziekenhuis-nieuwsfeed/execution/ai_processor.py
2026-05-04 09:27:42,870 - INFO - FINISHED: /home/runner/work/ziekenhuis-nieuwsfeed/ziekenhuis-nieuwsfeed/execution/ai_processor.py
2026-05-04 09:27:42,870 - INFO - 📤 Exporting database to data.json...
2026-05-04 09:27:42,871 - ERROR - Failed to export: no such table: articles
2026-05-04 09:27:42,871 - INFO - === ✨ FULL SYNC COMPLETED SUCCESSFULLY ===
2026-05-05 09:03:57,521 - INFO - === 🔄 STARTING FULL SYNC && AI UPDATE ===
2026-05-05 09:03:57,522 - INFO - STARTING: /home/runner/work/ziekenhuis-nieuwsfeed/ziekenhuis-nieuwsfeed/execution/advanced_crawler.py
2026-05-05 09:20:55,653 - INFO - FINISHED: /home/runner/work/ziekenhuis-nieuwsfeed/ziekenhuis-nieuwsfeed/execution/advanced_crawler.py
2026-05-05 09:20:55,653 - INFO - STARTING: /home/runner/work/ziekenhuis-nieuwsfeed/ziekenhuis-nieuwsfeed/execution/ai_processor.py
2026-05-05 09:20:56,725 - INFO - FINISHED: /home/runner/work/ziekenhuis-nieuwsfeed/ziekenhuis-nieuwsfeed/execution/ai_processor.py
2026-05-05 09:20:56,725 - INFO - 📤 Exporting database to data.json...
2026-05-05 09:20:56,726 - ERROR - Failed to export: no such table: articles
2026-05-05 09:20:56,726 - INFO - === ✨ FULL SYNC COMPLETED SUCCESSFULLY ===
2026-05-06 09:15:03,849 - INFO - === 🔄 STARTING FULL SYNC && AI UPDATE ===
2026-05-06 09:15:03,849 - INFO - STARTING: /home/runner/work/ziekenhuis-nieuwsfeed/ziekenhuis-nieuwsfeed/execution/advanced_crawler.py
2026-05-06 09:30:27,465 - INFO - FINISHED: /home/runner/work/ziekenhuis-nieuwsfeed/ziekenhuis-nieuwsfeed/execution/advanced_crawler.py
2026-05-06 09:30:27,466 - INFO - STARTING: /home/runner/work/ziekenhuis-nieuwsfeed/ziekenhuis-nieuwsfeed/execution/ai_processor.py
2026-05-06 09:30:28,516 - INFO - FINISHED: /home/runner/work/ziekenhuis-nieuwsfeed/ziekenhuis-nieuwsfeed/execution/ai_processor.py
2026-05-06 09:30:28,516 - INFO - 📤 Exporting database to data.json...
2026-05-06 09:30:28,516 - ERROR - Failed to export: no such table: articles
2026-05-06 09:30:28,516 - INFO - === ✨ FULL SYNC COMPLETED SUCCESSFULLY ===
2026-05-07 09:28:40,140 - INFO - === 🔄 STARTING FULL SYNC && AI UPDATE ===
2026-05-07 09:28:40,140 - INFO - STARTING: /home/runner/work/ziekenhuis-nieuwsfeed/ziekenhuis-nieuwsfeed/execution/advanced_crawler.py
2026-05-07 09:43:17,711 - INFO - FINISHED: /home/runner/work/ziekenhuis-nieuwsfeed/ziekenhuis-nieuwsfeed/execution/advanced_crawler.py
2026-05-07 09:43:17,711 - INFO - STARTING: /home/runner/work/ziekenhuis-nieuwsfeed/ziekenhuis-nieuwsfeed/execution/ai_processor.py
2026-05-07 09:43:18,865 - INFO - FINISHED: /home/runner/work/ziekenhuis-nieuwsfeed/ziekenhuis-nieuwsfeed/execution/ai_processor.py
2026-05-07 09:43:18,865 - INFO - 📤 Exporting database to data.json...
2026-05-07 09:43:18,866 - ERROR - Failed to export: no such table: articles
2026-05-07 09:43:18,866 - INFO - === ✨ FULL SYNC COMPLETED SUCCESSFULLY ===
2026-05-08 08:18:16,015 - INFO - === 🔄 STARTING FULL SYNC && AI UPDATE ===
2026-05-08 08:18:16,015 - INFO - STARTING: /home/runner/work/ziekenhuis-nieuwsfeed/ziekenhuis-nieuwsfeed/execution/advanced_crawler.py
2026-05-08 08:30:27,969 - INFO - FINISHED: /home/runner/work/ziekenhuis-nieuwsfeed/ziekenhuis-nieuwsfeed/execution/advanced_crawler.py
2026-05-08 08:30:27,969 - INFO - STARTING: /home/runner/work/ziekenhuis-nieuwsfeed/ziekenhuis-nieuwsfeed/execution/ai_processor.py
2026-05-08 08:30:29,020 - INFO - FINISHED: /home/runner/work/ziekenhuis-nieuwsfeed/ziekenhuis-nieuwsfeed/execution/ai_processor.py
2026-05-08 08:30:29,020 - INFO - 📤 Exporting database to data.json...
2026-05-08 08:30:29,021 - ERROR - Failed to export: no such table: articles
2026-05-08 08:30:29,021 - INFO - === ✨ FULL SYNC COMPLETED SUCCESSFULLY ===
2026-05-09 08:24:09,455 - INFO - === 🔄 STARTING FULL SYNC && AI UPDATE ===
2026-05-09 08:24:09,455 - INFO - STARTING: /home/runner/work/ziekenhuis-nieuwsfeed/ziekenhuis-nieuwsfeed/execution/advanced_crawler.py
2026-05-09 08:37:12,413 - INFO - FINISHED: /home/runner/work/ziekenhuis-nieuwsfeed/ziekenhuis-nieuwsfeed/execution/advanced_crawler.py
2026-05-09 08:37:12,413 - INFO - STARTING: /home/runner/work/ziekenhuis-nieuwsfeed/ziekenhuis-nieuwsfeed/execution/ai_processor.py
2026-05-09 08:37:13,264 - INFO - FINISHED: /home/runner/work/ziekenhuis-nieuwsfeed/ziekenhuis-nieuwsfeed/execution/ai_processor.py
2026-05-09 08:37:13,264 - INFO - 📤 Exporting database to data.json...
2026-05-09 08:37:13,265 - ERROR - Failed to export: no such table: articles
2026-05-09 08:37:13,265 - INFO - === ✨ FULL SYNC COMPLETED SUCCESSFULLY ===
2026-05-10 08:48:44,609 - INFO - === 🔄 STARTING FULL SYNC && AI UPDATE ===
2026-05-10 08:48:44,609 - INFO - STARTING: /home/runner/work/ziekenhuis-nieuwsfeed/ziekenhuis-nieuwsfeed/execution/advanced_crawler.py
2026-05-10 08:59:58,935 - INFO - FINISHED: /home/runner/work/ziekenhuis-nieuwsfeed/ziekenhuis-nieuwsfeed/execution/advanced_crawler.py
2026-05-10 08:59:58,935 - INFO - STARTING: /home/runner/work/ziekenhuis-nieuwsfeed/ziekenhuis-nieuwsfeed/execution/ai_processor.py
2026-05-10 09:00:00,027 - INFO - FINISHED: /home/runner/work/ziekenhuis-nieuwsfeed/ziekenhuis-nieuwsfeed/execution/ai_processor.py
2026-05-10 09:00:00,027 - INFO - 📤 Exporting database to data.json...
2026-05-10 09:00:00,028 - ERROR - Failed to export: no such table: articles
2026-05-10 09:00:00,028 - INFO - === ✨ FULL SYNC COMPLETED SUCCESSFULLY ===
2026-05-11 10:27:44,524 - INFO - === 🔄 STARTING FULL SYNC && AI UPDATE ===
2026-05-11 10:27:44,524 - INFO - STARTING: /home/runner/work/ziekenhuis-nieuwsfeed/ziekenhuis-nieuwsfeed/execution/advanced_crawler.py
2026-05-11 10:41:04,906 - INFO - FINISHED: /home/runner/work/ziekenhuis-nieuwsfeed/ziekenhuis-nieuwsfeed/execution/advanced_crawler.py
2026-05-11 10:41:04,906 - INFO - STARTING: /home/runner/work/ziekenhuis-nieuwsfeed/ziekenhuis-nieuwsfeed/execution/ai_processor.py
2026-05-11 10:41:06,031 - INFO - FINISHED: /home/runner/work/ziekenhuis-nieuwsfeed/ziekenhuis-nieuwsfeed/execution/ai_processor.py
2026-05-11 10:41:06,031 - INFO - 📤 Exporting database to data.json...
2026-05-11 10:41:06,032 - ERROR - Failed to export: no such table: articles
2026-05-11 10:41:06,032 - INFO - === ✨ FULL SYNC COMPLETED SUCCESSFULLY ===
2026-05-12 09:29:32,420 - INFO - === 🔄 STARTING FULL SYNC && AI UPDATE ===
2026-05-12 09:29:32,420 - INFO - STARTING: /home/runner/work/ziekenhuis-nieuwsfeed/ziekenhuis-nieuwsfeed/execution/advanced_crawler.py
2026-05-12 09:42:04,391 - INFO - FINISHED: /home/runner/work/ziekenhuis-nieuwsfeed/ziekenhuis-nieuwsfeed/execution/advanced_crawler.py
2026-05-12 09:42:04,391 - INFO - STARTING: /home/runner/work/ziekenhuis-nieuwsfeed/ziekenhuis-nieuwsfeed/execution/ai_processor.py
2026-05-12 09:42:05,452 - INFO - FINISHED: /home/runner/work/ziekenhuis-nieuwsfeed/ziekenhuis-nieuwsfeed/execution/ai_processor.py
2026-05-12 09:42:05,452 - INFO - 📤 Exporting database to data.json...
2026-05-12 09:42:05,453 - ERROR - Failed to export: no such table: articles
2026-05-12 09:42:05,453 - INFO - === ✨ FULL SYNC COMPLETED SUCCESSFULLY ===
2026-05-13 09:35:12,272 - INFO - === 🔄 STARTING FULL SYNC && AI UPDATE ===
2026-05-13 09:35:12,272 - INFO - STARTING: /home/runner/work/ziekenhuis-nieuwsfeed/ziekenhuis-nieuwsfeed/execution/advanced_crawler.py
2026-05-13 09:47:51,992 - INFO - FINISHED: /home/runner/work/ziekenhuis-nieuwsfeed/ziekenhuis-nieuwsfeed/execution/advanced_crawler.py
2026-05-13 09:47:51,992 - INFO - STARTING: /home/runner/work/ziekenhuis-nieuwsfeed/ziekenhuis-nieuwsfeed/execution/ai_processor.py
2026-05-13 09:47:53,047 - INFO - FINISHED: /home/runner/work/ziekenhuis-nieuwsfeed/ziekenhuis-nieuwsfeed/execution/ai_processor.py
2026-05-13 09:47:53,047 - INFO - 📤 Exporting database to data.json...
2026-05-13 09:47:53,048 - ERROR - Failed to export: no such table: articles
2026-05-13 09:47:53,048 - INFO - === ✨ FULL SYNC COMPLETED SUCCESSFULLY ===
2026-05-14 09:29:06,710 - INFO - === 🔄 STARTING FULL SYNC && AI UPDATE ===
2026-05-14 09:29:06,710 - INFO - STARTING: /home/runner/work/ziekenhuis-nieuwsfeed/ziekenhuis-nieuwsfeed/execution/advanced_crawler.py
2026-05-14 09:41:26,613 - INFO - FINISHED: /home/runner/work/ziekenhuis-nieuwsfeed/ziekenhuis-nieuwsfeed/execution/advanced_crawler.py
2026-05-14 09:41:26,614 - INFO - STARTING: /home/runner/work/ziekenhuis-nieuwsfeed/ziekenhuis-nieuwsfeed/execution/ai_processor.py
2026-05-14 09:41:27,690 - INFO - FINISHED: /home/runner/work/ziekenhuis-nieuwsfeed/ziekenhuis-nieuwsfeed/execution/ai_processor.py
2026-05-14 09:41:27,691 - INFO - 📤 Exporting database to data.json...
2026-05-14 09:41:27,692 - ERROR - Failed to export: no such table: articles
2026-05-14 09:41:27,692 - INFO - === ✨ FULL SYNC COMPLETED SUCCESSFULLY ===
2026-05-15 09:38:13,550 - INFO - === 🔄 STARTING FULL SYNC && AI UPDATE ===
2026-05-15 09:38:13,550 - INFO - STARTING: /home/runner/work/ziekenhuis-nieuwsfeed/ziekenhuis-nieuwsfeed/execution/advanced_crawler.py
2026-05-15 09:51:44,818 - INFO - FINISHED: /home/runner/work/ziekenhuis-nieuwsfeed/ziekenhuis-nieuwsfeed/execution/advanced_crawler.py
2026-05-15 09:51:44,818 - INFO - STARTING: /home/runner/work/ziekenhuis-nieuwsfeed/ziekenhuis-nieuwsfeed/execution/ai_processor.py
2026-05-15 09:51:45,976 - INFO - FINISHED: /home/runner/work/ziekenhuis-nieuwsfeed/ziekenhuis-nieuwsfeed/execution/ai_processor.py
2026-05-15 09:51:45,976 - INFO - 📤 Exporting database to data.json...
2026-05-15 09:51:45,977 - ERROR - Failed to export: no such table: articles
2026-05-15 09:51:45,977 - INFO - === ✨ FULL SYNC COMPLETED SUCCESSFULLY ===
2026-05-16 08:31:25,141 - INFO - === 🔄 STARTING FULL SYNC && AI UPDATE ===
2026-05-16 08:31:25,141 - INFO - STARTING: /home/runner/work/ziekenhuis-nieuwsfeed/ziekenhuis-nieuwsfeed/execution/advanced_crawler.py
2026-05-16 08:44:51,446 - INFO - FINISHED: /home/runner/work/ziekenhuis-nieuwsfeed/ziekenhuis-nieuwsfeed/execution/advanced_crawler.py
2026-05-16 08:44:51,446 - INFO - STARTING: /home/runner/work/ziekenhuis-nieuwsfeed/ziekenhuis-nieuwsfeed/execution/ai_processor.py
2026-05-16 08:44:52,596 - INFO - FINISHED: /home/runner/work/ziekenhuis-nieuwsfeed/ziekenhuis-nieuwsfeed/execution/ai_processor.py
2026-05-16 08:44:52,596 - INFO - 📤 Exporting database to data.json...
2026-05-16 08:44:52,596 - ERROR - Failed to export: no such table: articles
2026-05-16 08:44:52,597 - INFO - === ✨ FULL SYNC COMPLETED SUCCESSFULLY ===
2026-05-17 08:57:28,566 - INFO - === 🔄 STARTING FULL SYNC && AI UPDATE ===
2026-05-17 08:57:28,566 - INFO - STARTING: /home/runner/work/ziekenhuis-nieuwsfeed/ziekenhuis-nieuwsfeed/execution/advanced_crawler.py
2026-05-17 09:09:31,734 - INFO - FINISHED: /home/runner/work/ziekenhuis-nieuwsfeed/ziekenhuis-nieuwsfeed/execution/advanced_crawler.py
2026-05-17 09:09:31,734 - INFO - STARTING: /home/runner/work/ziekenhuis-nieuwsfeed/ziekenhuis-nieuwsfeed/execution/ai_processor.py
2026-05-17 09:09:32,807 - INFO - FINISHED: /home/runner/work/ziekenhuis-nieuwsfeed/ziekenhuis-nieuwsfeed/execution/ai_processor.py
2026-05-17 09:09:32,807 - INFO - 📤 Exporting database to data.json...
2026-05-17 09:09:32,808 - ERROR - Failed to export: no such table: articles
2026-05-17 09:09:32,808 - INFO - === ✨ FULL SYNC COMPLETED SUCCESSFULLY ===
2026-05-18 10:56:14,493 - INFO - === 🔄 STARTING FULL SYNC && AI UPDATE ===
2026-05-18 10:56:14,493 - INFO - STARTING: /home/runner/work/ziekenhuis-nieuwsfeed/ziekenhuis-nieuwsfeed/execution/advanced_crawler.py
2026-05-18 11:08:49,034 - INFO - FINISHED: /home/runner/work/ziekenhuis-nieuwsfeed/ziekenhuis-nieuwsfeed/execution/advanced_crawler.py
2026-05-18 11:08:49,034 - INFO - STARTING: /home/runner/work/ziekenhuis-nieuwsfeed/ziekenhuis-nieuwsfeed/execution/ai_processor.py
2026-05-18 11:08:50,097 - INFO - FINISHED: /home/runner/work/ziekenhuis-nieuwsfeed/ziekenhuis-nieuwsfeed/execution/ai_processor.py
2026-05-18 11:08:50,098 - INFO - 📤 Exporting database to data.json...
2026-05-18 11:08:50,098 - ERROR - Failed to export: no such table: articles
2026-05-18 11:08:50,098 - INFO - === ✨ FULL SYNC COMPLETED SUCCESSFULLY ===
2026-05-19 10:31:25,601 - INFO - === 🔄 STARTING FULL SYNC && AI UPDATE ===
2026-05-19 10:31:25,602 - INFO - STARTING: /home/runner/work/ziekenhuis-nieuwsfeed/ziekenhuis-nieuwsfeed/execution/advanced_crawler.py
2026-05-19 10:44:12,992 - INFO - FINISHED: /home/runner/work/ziekenhuis-nieuwsfeed/ziekenhuis-nieuwsfeed/execution/advanced_crawler.py
2026-05-19 10:44:12,992 - INFO - STARTING: /home/runner/work/ziekenhuis-nieuwsfeed/ziekenhuis-nieuwsfeed/execution/ai_processor.py
2026-05-19 10:44:14,022 - INFO - FINISHED: /home/runner/work/ziekenhuis-nieuwsfeed/ziekenhuis-nieuwsfeed/execution/ai_processor.py
2026-05-19 10:44:14,023 - INFO - 📤 Exporting database to data.json...
2026-05-19 10:44:14,023 - ERROR - Failed to export: no such table: articles
2026-05-19 10:44:14,023 - INFO - === ✨ FULL SYNC COMPLETED SUCCESSFULLY ===
2026-05-20 10:17:56,980 - INFO - === 🔄 STARTING FULL SYNC && AI UPDATE ===
2026-05-20 10:17:56,980 - INFO - STARTING: /home/runner/work/ziekenhuis-nieuwsfeed/ziekenhuis-nieuwsfeed/execution/advanced_crawler.py
2026-05-20 10:32:05,299 - INFO - FINISHED: /home/runner/work/ziekenhuis-nieuwsfeed/ziekenhuis-nieuwsfeed/execution/advanced_crawler.py
2026-05-20 10:32:05,299 - INFO - STARTING: /home/runner/work/ziekenhuis-nieuwsfeed/ziekenhuis-nieuwsfeed/execution/ai_processor.py
2026-05-20 10:32:06,359 - INFO - FINISHED: /home/runner/work/ziekenhuis-nieuwsfeed/ziekenhuis-nieuwsfeed/execution/ai_processor.py
2026-05-20 10:32:06,359 - INFO - 📤 Exporting database to data.json...
2026-05-20 10:32:06,360 - ERROR - Failed to export: no such table: articles
2026-05-20 10:32:06,360 - INFO - === ✨ FULL SYNC COMPLETED SUCCESSFULLY ===
2026-05-21 10:30:20,015 - INFO - === 🔄 STARTING FULL SYNC && AI UPDATE ===
2026-05-21 10:30:20,015 - INFO - STARTING: /home/runner/work/ziekenhuis-nieuwsfeed/ziekenhuis-nieuwsfeed/execution/advanced_crawler.py
2026-05-21 10:42:17,012 - INFO - FINISHED: /home/runner/work/ziekenhuis-nieuwsfeed/ziekenhuis-nieuwsfeed/execution/advanced_crawler.py
2026-05-21 10:42:17,012 - INFO - STARTING: /home/runner/work/ziekenhuis-nieuwsfeed/ziekenhuis-nieuwsfeed/execution/ai_processor.py
2026-05-21 10:42:18,109 - INFO - FINISHED: /home/runner/work/ziekenhuis-nieuwsfeed/ziekenhuis-nieuwsfeed/execution/ai_processor.py
2026-05-21 10:42:18,110 - INFO - 📤 Exporting database to data.json...
2026-05-21 10:42:18,110 - ERROR - Failed to export: no such table: articles
2026-05-21 10:42:18,110 - INFO - === ✨ FULL SYNC COMPLETED SUCCESSFULLY ===
2026-05-22 10:14:55,187 - INFO - === 🔄 STARTING FULL SYNC && AI UPDATE ===
2026-05-22 10:14:55,187 - INFO - STARTING: /home/runner/work/ziekenhuis-nieuwsfeed/ziekenhuis-nieuwsfeed/execution/advanced_crawler.py
2026-05-22 10:28:55,002 - INFO - FINISHED: /home/runner/work/ziekenhuis-nieuwsfeed/ziekenhuis-nieuwsfeed/execution/advanced_crawler.py
2026-05-22 10:28:55,002 - INFO - STARTING: /home/runner/work/ziekenhuis-nieuwsfeed/ziekenhuis-nieuwsfeed/execution/ai_processor.py
2026-05-22 10:28:56,132 - INFO - FINISHED: /home/runner/work/ziekenhuis-nieuwsfeed/ziekenhuis-nieuwsfeed/execution/ai_processor.py
2026-05-22 10:28:56,132 - INFO - 📤 Exporting database to data.json...
2026-05-22 10:28:56,133 - ERROR - Failed to export: no such table: articles
2026-05-22 10:28:56,133 - INFO - === ✨ FULL SYNC COMPLETED SUCCESSFULLY ===
2026-05-23 08:56:59,203 - INFO - === 🔄 STARTING FULL SYNC && AI UPDATE ===
2026-05-23 08:56:59,204 - INFO - STARTING: /home/runner/work/ziekenhuis-nieuwsfeed/ziekenhuis-nieuwsfeed/execution/advanced_crawler.py
2026-05-23 09:10:02,523 - INFO - FINISHED: /home/runner/work/ziekenhuis-nieuwsfeed/ziekenhuis-nieuwsfeed/execution/advanced_crawler.py
2026-05-23 09:10:02,523 - INFO - STARTING: /home/runner/work/ziekenhuis-nieuwsfeed/ziekenhuis-nieuwsfeed/execution/ai_processor.py
2026-05-23 09:10:03,714 - INFO - FINISHED: /home/runner/work/ziekenhuis-nieuwsfeed/ziekenhuis-nieuwsfeed/execution/ai_processor.py
2026-05-23 09:10:03,715 - INFO - 📤 Exporting database to data.json...
2026-05-23 09:10:03,715 - ERROR - Failed to export: no such table: articles
2026-05-23 09:10:03,715 - INFO - === ✨ FULL SYNC COMPLETED SUCCESSFULLY ===
2026-05-24 09:13:19,694 - INFO - === 🔄 STARTING FULL SYNC && AI UPDATE ===
2026-05-24 09:13:19,694 - INFO - STARTING: /home/runner/work/ziekenhuis-nieuwsfeed/ziekenhuis-nieuwsfeed/execution/advanced_crawler.py
2026-05-24 09:26:40,781 - INFO - FINISHED: /home/runner/work/ziekenhuis-nieuwsfeed/ziekenhuis-nieuwsfeed/execution/advanced_crawler.py
2026-05-24 09:26:40,782 - INFO - STARTING: /home/runner/work/ziekenhuis-nieuwsfeed/ziekenhuis-nieuwsfeed/execution/ai_processor.py
2026-05-24 09:26:41,839 - INFO - FINISHED: /home/runner/work/ziekenhuis-nieuwsfeed/ziekenhuis-nieuwsfeed/execution/ai_processor.py
2026-05-24 09:26:41,840 - INFO - 📤 Exporting database to data.json...
2026-05-24 09:26:41,840 - ERROR - Failed to export: no such table: articles
2026-05-24 09:26:41,840 - INFO - === ✨ FULL SYNC COMPLETED SUCCESSFULLY ===
2026-05-25 11:03:53,698 - INFO - === 🔄 STARTING FULL SYNC && AI UPDATE ===
2026-05-25 11:03:53,698 - INFO - STARTING: /home/runner/work/ziekenhuis-nieuwsfeed/ziekenhuis-nieuwsfeed/execution/advanced_crawler.py
2026-05-25 11:17:47,918 - INFO - FINISHED: /home/runner/work/ziekenhuis-nieuwsfeed/ziekenhuis-nieuwsfeed/execution/advanced_crawler.py
2026-05-25 11:17:47,918 - INFO - STARTING: /home/runner/work/ziekenhuis-nieuwsfeed/ziekenhuis-nieuwsfeed/execution/ai_processor.py
2026-05-25 11:17:48,974 - INFO - FINISHED: /home/runner/work/ziekenhuis-nieuwsfeed/ziekenhuis-nieuwsfeed/execution/ai_processor.py
2026-05-25 11:17:48,974 - INFO - 📤 Exporting database to data.json...
2026-05-25 11:17:48,974 - ERROR - Failed to export: no such table: articles
2026-05-25 11:17:48,975 - INFO - === ✨ FULL SYNC COMPLETED SUCCESSFULLY ===
2026-05-27 10:45:37,933 - INFO - === 🔄 STARTING FULL SYNC && AI UPDATE ===
2026-05-27 10:45:37,933 - INFO - STARTING: /home/runner/work/ziekenhuis-nieuwsfeed/ziekenhuis-nieuwsfeed/execution/advanced_crawler.py
2026-05-27 10:59:16,194 - INFO - FINISHED: /home/runner/work/ziekenhuis-nieuwsfeed/ziekenhuis-nieuwsfeed/execution/advanced_crawler.py
2026-05-27 10:59:16,194 - INFO - STARTING: /home/runner/work/ziekenhuis-nieuwsfeed/ziekenhuis-nieuwsfeed/execution/ai_processor.py
2026-05-27 10:59:17,266 - INFO - FINISHED: /home/runner/work/ziekenhuis-nieuwsfeed/ziekenhuis-nieuwsfeed/execution/ai_processor.py
2026-05-27 10:59:17,266 - INFO - 📤 Exporting database to data.json...
2026-05-27 10:59:17,267 - ERROR - Failed to export: no such table: articles
2026-05-27 10:59:17,267 - INFO - === ✨ FULL SYNC COMPLETED SUCCESSFULLY ===
2026-05-28 10:43:52,845 - INFO - === 🔄 STARTING FULL SYNC && AI UPDATE ===
2026-05-28 10:43:52,846 - INFO - STARTING: /home/runner/work/ziekenhuis-nieuwsfeed/ziekenhuis-nieuwsfeed/execution/advanced_crawler.py
2026-05-28 10:57:03,369 - INFO - FINISHED: /home/runner/work/ziekenhuis-nieuwsfeed/ziekenhuis-nieuwsfeed/execution/advanced_crawler.py
2026-05-28 10:57:03,370 - INFO - STARTING: /home/runner/work/ziekenhuis-nieuwsfeed/ziekenhuis-nieuwsfeed/execution/ai_processor.py
2026-05-28 10:57:04,745 - INFO - FINISHED: /home/runner/work/ziekenhuis-nieuwsfeed/ziekenhuis-nieuwsfeed/execution/ai_processor.py
2026-05-28 10:57:04,746 - INFO - 📤 Exporting database to data.json...
2026-05-28 10:57:04,746 - ERROR - Failed to export: no such table: articles
2026-05-28 10:57:04,746 - INFO - === ✨ FULL SYNC COMPLETED SUCCESSFULLY ===
2026-05-29 10:37:31,648 - INFO - === 🔄 STARTING FULL SYNC && AI UPDATE ===
2026-05-29 10:37:31,648 - INFO - STARTING: /home/runner/work/ziekenhuis-nieuwsfeed/ziekenhuis-nieuwsfeed/execution/advanced_crawler.py
2026-05-29 10:50:42,087 - INFO - FINISHED: /home/runner/work/ziekenhuis-nieuwsfeed/ziekenhuis-nieuwsfeed/execution/advanced_crawler.py
2026-05-29 10:50:42,087 - INFO - STARTING: /home/runner/work/ziekenhuis-nieuwsfeed/ziekenhuis-nieuwsfeed/execution/ai_processor.py
2026-05-29 10:50:43,171 - INFO - FINISHED: /home/runner/work/ziekenhuis-nieuwsfeed/ziekenhuis-nieuwsfeed/execution/ai_processor.py
2026-05-29 10:50:43,171 - INFO - 📤 Exporting database to data.json...
2026-05-29 10:50:43,172 - ERROR - Failed to export: no such table: articles
2026-05-29 10:50:43,172 - INFO - === ✨ FULL SYNC COMPLETED SUCCESSFULLY ===
2026-05-30 09:08:42,366 - INFO - === 🔄 STARTING FULL SYNC && AI UPDATE ===
2026-05-30 09:08:42,366 - INFO - STARTING: /home/runner/work/ziekenhuis-nieuwsfeed/ziekenhuis-nieuwsfeed/execution/advanced_crawler.py
2026-05-30 09:21:38,273 - INFO - FINISHED: /home/runner/work/ziekenhuis-nieuwsfeed/ziekenhuis-nieuwsfeed/execution/advanced_crawler.py
2026-05-30 09:21:38,273 - INFO - STARTING: /home/runner/work/ziekenhuis-nieuwsfeed/ziekenhuis-nieuwsfeed/execution/ai_processor.py
2026-05-30 09:21:39,414 - INFO - FINISHED: /home/runner/work/ziekenhuis-nieuwsfeed/ziekenhuis-nieuwsfeed/execution/ai_processor.py
2026-05-30 09:21:39,414 - INFO - 📤 Exporting database to data.json...
2026-05-30 09:21:39,415 - ERROR - Failed to export: no such table: articles
2026-05-30 09:21:39,415 - INFO - === ✨ FULL SYNC COMPLETED SUCCESSFULLY ===
2026-05-31 09:41:48,987 - INFO - === 🔄 STARTING FULL SYNC && AI UPDATE ===
2026-05-31 09:41:48,987 - INFO - STARTING: /home/runner/work/ziekenhuis-nieuwsfeed/ziekenhuis-nieuwsfeed/execution/advanced_crawler.py
2026-05-31 09:54:53,334 - INFO - FINISHED: /home/runner/work/ziekenhuis-nieuwsfeed/ziekenhuis-nieuwsfeed/execution/advanced_crawler.py
2026-05-31 09:54:53,334 - INFO - STARTING: /home/runner/work/ziekenhuis-nieuwsfeed/ziekenhuis-nieuwsfeed/execution/ai_processor.py
2026-05-31 09:54:54,489 - INFO - FINISHED: /home/runner/work/ziekenhuis-nieuwsfeed/ziekenhuis-nieuwsfeed/execution/ai_processor.py
2026-05-31 09:54:54,489 - INFO - 📤 Exporting database to data.json...
2026-05-31 09:54:54,489 - ERROR - Failed to export: no such table: articles
2026-05-31 09:54:54,489 - INFO - === ✨ FULL SYNC COMPLETED SUCCESSFULLY ===
2026-06-01 12:28:20,237 - INFO - === 🔄 STARTING FULL SYNC && AI UPDATE ===
2026-06-01 12:28:20,238 - INFO - STARTING: /home/runner/work/ziekenhuis-nieuwsfeed/ziekenhuis-nieuwsfeed/execution/advanced_crawler.py
2026-06-01 12:43:18,506 - INFO - FINISHED: /home/runner/work/ziekenhuis-nieuwsfeed/ziekenhuis-nieuwsfeed/execution/advanced_crawler.py
2026-06-01 12:43:18,506 - INFO - STARTING: /home/runner/work/ziekenhuis-nieuwsfeed/ziekenhuis-nieuwsfeed/execution/ai_processor.py
2026-06-01 12:43:19,633 - INFO - FINISHED: /home/runner/work/ziekenhuis-nieuwsfeed/ziekenhuis-nieuwsfeed/execution/ai_processor.py
2026-06-01 12:43:19,634 - INFO - 📤 Exporting database to data.json...
2026-06-01 12:43:19,634 - ERROR - Failed to export: no such table: articles
2026-06-01 12:43:19,634 - INFO - === ✨ FULL SYNC COMPLETED SUCCESSFULLY ===
2026-06-02 11:11:32,277 - INFO - === 🔄 STARTING FULL SYNC && AI UPDATE ===
2026-06-02 11:11:32,277 - INFO - STARTING: /home/runner/work/ziekenhuis-nieuwsfeed/ziekenhuis-nieuwsfeed/execution/advanced_crawler.py
2026-06-02 11:25:52,076 - INFO - FINISHED: /home/runner/work/ziekenhuis-nieuwsfeed/ziekenhuis-nieuwsfeed/execution/advanced_crawler.py
2026-06-02 11:25:52,076 - INFO - STARTING: /home/runner/work/ziekenhuis-nieuwsfeed/ziekenhuis-nieuwsfeed/execution/ai_processor.py
2026-06-02 11:25:53,181 - INFO - FINISHED: /home/runner/work/ziekenhuis-nieuwsfeed/ziekenhuis-nieuwsfeed/execution/ai_processor.py
2026-06-02 11:25:53,181 - INFO - 📤 Exporting database to data.json...
2026-06-02 11:25:53,182 - ERROR - Failed to export: no such table: articles
2026-06-02 11:25:53,182 - INFO - === ✨ FULL SYNC COMPLETED SUCCESSFULLY ===
2026-06-03 11:49:43,844 - INFO - === 🔄 STARTING FULL SYNC && AI UPDATE ===
2026-06-03 11:49:43,844 - INFO - STARTING: /home/runner/work/ziekenhuis-nieuwsfeed/ziekenhuis-nieuwsfeed/execution/advanced_crawler.py
2026-06-03 12:04:31,385 - INFO - FINISHED: /home/runner/work/ziekenhuis-nieuwsfeed/ziekenhuis-nieuwsfeed/execution/advanced_crawler.py
2026-06-03 12:04:31,385 - INFO - STARTING: /home/runner/work/ziekenhuis-nieuwsfeed/ziekenhuis-nieuwsfeed/execution/ai_processor.py
2026-06-03 12:04:32,589 - INFO - FINISHED: /home/runner/work/ziekenhuis-nieuwsfeed/ziekenhuis-nieuwsfeed/execution/ai_processor.py
2026-06-03 12:04:32,589 - INFO - 📤 Exporting database to data.json...
2026-06-03 12:04:32,590 - ERROR - Failed to export: no such table: articles
2026-06-03 12:04:32,590 - INFO - === ✨ FULL SYNC COMPLETED SUCCESSFULLY ===
2026-06-04 10:32:49,248 - INFO - === 🔄 STARTING FULL SYNC && AI UPDATE ===
2026-06-04 10:32:49,248 - INFO - STARTING: /home/runner/work/ziekenhuis-nieuwsfeed/ziekenhuis-nieuwsfeed/execution/advanced_crawler.py
2026-06-04 10:45:34,169 - INFO - FINISHED: /home/runner/work/ziekenhuis-nieuwsfeed/ziekenhuis-nieuwsfeed/execution/advanced_crawler.py
2026-06-04 10:45:34,169 - INFO - STARTING: /home/runner/work/ziekenhuis-nieuwsfeed/ziekenhuis-nieuwsfeed/execution/ai_processor.py
2026-06-04 10:45:35,412 - INFO - FINISHED: /home/runner/work/ziekenhuis-nieuwsfeed/ziekenhuis-nieuwsfeed/execution/ai_processor.py
2026-06-04 10:45:35,412 - INFO - 📤 Exporting database to data.json...
2026-06-04 10:45:35,413 - ERROR - Failed to export: no such table: articles
2026-06-04 10:45:35,413 - INFO - === ✨ FULL SYNC COMPLETED SUCCESSFULLY ===
2026-06-05 10:40:09,784 - INFO - === 🔄 STARTING FULL SYNC && AI UPDATE ===
2026-06-05 10:40:09,784 - INFO - STARTING: /home/runner/work/ziekenhuis-nieuwsfeed/ziekenhuis-nieuwsfeed/execution/advanced_crawler.py
2026-06-05 10:53:58,124 - INFO - FINISHED: /home/runner/work/ziekenhuis-nieuwsfeed/ziekenhuis-nieuwsfeed/execution/advanced_crawler.py
2026-06-05 10:53:58,125 - INFO - STARTING: /home/runner/work/ziekenhuis-nieuwsfeed/ziekenhuis-nieuwsfeed/execution/ai_processor.py
2026-06-05 10:53:59,246 - INFO - FINISHED: /home/runner/work/ziekenhuis-nieuwsfeed/ziekenhuis-nieuwsfeed/execution/ai_processor.py
2026-06-05 10:53:59,247 - INFO - 📤 Exporting database to data.json...
2026-06-05 10:53:59,247 - ERROR - Failed to export: no such table: articles
2026-06-05 10:53:59,247 - INFO - === ✨ FULL SYNC COMPLETED SUCCESSFULLY ===
2026-06-06 09:17:25,122 - INFO - === 🔄 STARTING FULL SYNC && AI UPDATE ===
2026-06-06 09:17:25,122 - INFO - STARTING: /home/runner/work/ziekenhuis-nieuwsfeed/ziekenhuis-nieuwsfeed/execution/advanced_crawler.py
2026-06-06 09:31:40,374 - INFO - FINISHED: /home/runner/work/ziekenhuis-nieuwsfeed/ziekenhuis-nieuwsfeed/execution/advanced_crawler.py
2026-06-06 09:31:40,374 - INFO - STARTING: /home/runner/work/ziekenhuis-nieuwsfeed/ziekenhuis-nieuwsfeed/execution/ai_processor.py
2026-06-06 09:31:41,473 - INFO - FINISHED: /home/runner/work/ziekenhuis-nieuwsfeed/ziekenhuis-nieuwsfeed/execution/ai_processor.py
2026-06-06 09:31:41,473 - INFO - 📤 Exporting database to data.json...
2026-06-06 09:31:41,473 - ERROR - Failed to export: no such table: articles
2026-06-06 09:31:41,474 - INFO - === ✨ FULL SYNC COMPLETED SUCCESSFULLY ===
2026-06-07 09:55:32,818 - INFO - === 🔄 STARTING FULL SYNC && AI UPDATE ===
2026-06-07 09:55:32,818 - INFO - STARTING: /home/runner/work/ziekenhuis-nieuwsfeed/ziekenhuis-nieuwsfeed/execution/advanced_crawler.py
2026-06-07 10:10:36,708 - INFO - FINISHED: /home/runner/work/ziekenhuis-nieuwsfeed/ziekenhuis-nieuwsfeed/execution/advanced_crawler.py
2026-06-07 10:10:36,708 - INFO - STARTING: /home/runner/work/ziekenhuis-nieuwsfeed/ziekenhuis-nieuwsfeed/execution/ai_processor.py
2026-06-07 10:10:37,904 - INFO - FINISHED: /home/runner/work/ziekenhuis-nieuwsfeed/ziekenhuis-nieuwsfeed/execution/ai_processor.py
2026-06-07 10:10:37,904 - INFO - 📤 Exporting database to data.json...
2026-06-07 10:10:37,905 - ERROR - Failed to export: no such table: articles
2026-06-07 10:10:37,905 - INFO - === ✨ FULL SYNC COMPLETED SUCCESSFULLY ===
